2020-12-14 16:26:43,431 INFO 39567 [egg-schedule]: register schedule /Users/iyb-caoyouzhi/Desktop/iyb-new-code/url2skeleton/server/init/node_modules/egg-multipart/app/schedule/clean_tmpdir.js
2020-12-14 16:26:43,431 INFO 39567 [egg-schedule]: register schedule /Users/iyb-caoyouzhi/Desktop/iyb-new-code/url2skeleton/server/init/node_modules/egg-logrotator/app/schedule/clean_log.js
2020-12-14 16:26:43,431 INFO 39567 [egg-schedule]: register schedule /Users/iyb-caoyouzhi/Desktop/iyb-new-code/url2skeleton/server/init/node_modules/egg-logrotator/app/schedule/rotate_by_file.js
2020-12-14 16:26:44,830 INFO 39565 [Timer] /Users/iyb-caoyouzhi/Desktop/iyb-new-code/url2skeleton/server/init/node_modules/egg-multipart/app/schedule/clean_tmpdir.js next time will execute after 43395173ms at 2020-12-15 04:30:00.003
2020-12-14 16:26:44,830 INFO 39565 [Timer] /Users/iyb-caoyouzhi/Desktop/iyb-new-code/url2skeleton/server/init/node_modules/egg-logrotator/app/schedule/clean_log.js next time will execute after 27195170ms at 2020-12-15 00:00:00.000
2020-12-14 16:26:44,831 INFO 39565 [Timer] /Users/iyb-caoyouzhi/Desktop/iyb-new-code/url2skeleton/server/init/node_modules/egg-logrotator/app/schedule/rotate_by_file.js next time will execute after 27196170ms at 2020-12-15 00:00:01.001
2020-12-14 16:27:33,061 INFO 39633 [egg-schedule]: register schedule /Users/iyb-caoyouzhi/Desktop/iyb-new-code/url2skeleton/server/init/node_modules/egg-multipart/app/schedule/clean_tmpdir.js
2020-12-14 16:27:33,061 INFO 39633 [egg-schedule]: register schedule /Users/iyb-caoyouzhi/Desktop/iyb-new-code/url2skeleton/server/init/node_modules/egg-logrotator/app/schedule/clean_log.js
2020-12-14 16:27:33,061 INFO 39633 [egg-schedule]: register schedule /Users/iyb-caoyouzhi/Desktop/iyb-new-code/url2skeleton/server/init/node_modules/egg-logrotator/app/schedule/rotate_by_file.js
2020-12-14 16:27:38,274 INFO 39645 [egg-schedule]: register schedule /Users/iyb-caoyouzhi/Desktop/iyb-new-code/url2skeleton/server/init/node_modules/egg-multipart/app/schedule/clean_tmpdir.js
2020-12-14 16:27:38,274 INFO 39645 [egg-schedule]: register schedule /Users/iyb-caoyouzhi/Desktop/iyb-new-code/url2skeleton/server/init/node_modules/egg-logrotator/app/schedule/clean_log.js
2020-12-14 16:27:38,274 INFO 39645 [egg-schedule]: register schedule /Users/iyb-caoyouzhi/Desktop/iyb-new-code/url2skeleton/server/init/node_modules/egg-logrotator/app/schedule/rotate_by_file.js
2020-12-14 19:24:58,791 INFO 43264 [egg-schedule]: register schedule /Users/iyb-caoyouzhi/Desktop/iyb-new-code/url2skeleton/server/init/node_modules/egg-multipart/app/schedule/clean_tmpdir.js
2020-12-14 19:24:58,791 INFO 43264 [egg-schedule]: register schedule /Users/iyb-caoyouzhi/Desktop/iyb-new-code/url2skeleton/server/init/node_modules/egg-logrotator/app/schedule/clean_log.js
2020-12-14 19:24:58,791 INFO 43264 [egg-schedule]: register schedule /Users/iyb-caoyouzhi/Desktop/iyb-new-code/url2skeleton/server/init/node_modules/egg-logrotator/app/schedule/rotate_by_file.js
2020-12-14 19:25:00,644 INFO 43262 [Timer] /Users/iyb-caoyouzhi/Desktop/iyb-new-code/url2skeleton/server/init/node_modules/egg-multipart/app/schedule/clean_tmpdir.js next time will execute after 32699359ms at 2020-12-15 04:30:00.003
2020-12-14 19:25:00,644 INFO 43262 [Timer] /Users/iyb-caoyouzhi/Desktop/iyb-new-code/url2skeleton/server/init/node_modules/egg-logrotator/app/schedule/clean_log.js next time will execute after 16499356ms at 2020-12-15 00:00:00.000
2020-12-14 19:25:00,645 INFO 43262 [Timer] /Users/iyb-caoyouzhi/Desktop/iyb-new-code/url2skeleton/server/init/node_modules/egg-logrotator/app/schedule/rotate_by_file.js next time will execute after 16500356ms at 2020-12-15 00:00:01.001
2020-12-15 19:14:16,582 INFO 15092 [egg-schedule]: register schedule /Users/iyb-caoyouzhi/Desktop/iyb-new-code/url2skeleton/server/init/node_modules/egg-multipart/app/schedule/clean_tmpdir.js
2020-12-15 19:14:16,582 INFO 15092 [egg-schedule]: register schedule /Users/iyb-caoyouzhi/Desktop/iyb-new-code/url2skeleton/server/init/node_modules/egg-logrotator/app/schedule/clean_log.js
2020-12-15 19:14:16,582 INFO 15092 [egg-schedule]: register schedule /Users/iyb-caoyouzhi/Desktop/iyb-new-code/url2skeleton/server/init/node_modules/egg-logrotator/app/schedule/rotate_by_file.js
2020-12-15 19:14:17,995 INFO 15091 [Timer] /Users/iyb-caoyouzhi/Desktop/iyb-new-code/url2skeleton/server/init/node_modules/egg-multipart/app/schedule/clean_tmpdir.js next time will execute after 33342009ms at 2020-12-16 04:30:00.004
2020-12-15 19:14:17,995 INFO 15091 [Timer] /Users/iyb-caoyouzhi/Desktop/iyb-new-code/url2skeleton/server/init/node_modules/egg-logrotator/app/schedule/clean_log.js next time will execute after 17142005ms at 2020-12-16 00:00:00.000
2020-12-15 19:14:17,995 INFO 15091 [Timer] /Users/iyb-caoyouzhi/Desktop/iyb-new-code/url2skeleton/server/init/node_modules/egg-logrotator/app/schedule/rotate_by_file.js next time will execute after 17143005ms at 2020-12-16 00:00:01.000
2020-12-15 19:15:44,072 INFO 15226 [egg-schedule]: register schedule /Users/iyb-caoyouzhi/Desktop/iyb-new-code/url2skeleton/server/init/node_modules/egg-multipart/app/schedule/clean_tmpdir.js
2020-12-15 19:15:44,072 INFO 15226 [egg-schedule]: register schedule /Users/iyb-caoyouzhi/Desktop/iyb-new-code/url2skeleton/server/init/node_modules/egg-logrotator/app/schedule/clean_log.js
2020-12-15 19:15:44,072 INFO 15226 [egg-schedule]: register schedule /Users/iyb-caoyouzhi/Desktop/iyb-new-code/url2skeleton/server/init/node_modules/egg-logrotator/app/schedule/rotate_by_file.js
2020-12-15 19:15:46,408 INFO 15229 [egg-schedule]: register schedule /Users/iyb-caoyouzhi/Desktop/iyb-new-code/url2skeleton/server/init/node_modules/egg-multipart/app/schedule/clean_tmpdir.js
2020-12-15 19:15:46,408 INFO 15229 [egg-schedule]: register schedule /Users/iyb-caoyouzhi/Desktop/iyb-new-code/url2skeleton/server/init/node_modules/egg-logrotator/app/schedule/clean_log.js
2020-12-15 19:15:46,408 INFO 15229 [egg-schedule]: register schedule /Users/iyb-caoyouzhi/Desktop/iyb-new-code/url2skeleton/server/init/node_modules/egg-logrotator/app/schedule/rotate_by_file.js
2020-12-15 19:15:48,368 INFO 15242 [egg-schedule]: register schedule /Users/iyb-caoyouzhi/Desktop/iyb-new-code/url2skeleton/server/init/node_modules/egg-multipart/app/schedule/clean_tmpdir.js
2020-12-15 19:15:48,368 INFO 15242 [egg-schedule]: register schedule /Users/iyb-caoyouzhi/Desktop/iyb-new-code/url2skeleton/server/init/node_modules/egg-logrotator/app/schedule/clean_log.js
2020-12-15 19:15:48,368 INFO 15242 [egg-schedule]: register schedule /Users/iyb-caoyouzhi/Desktop/iyb-new-code/url2skeleton/server/init/node_modules/egg-logrotator/app/schedule/rotate_by_file.js
2020-12-15 19:16:00,399 INFO 15253 [egg-schedule]: register schedule /Users/iyb-caoyouzhi/Desktop/iyb-new-code/url2skeleton/server/init/node_modules/egg-multipart/app/schedule/clean_tmpdir.js
2020-12-15 19:16:00,399 INFO 15253 [egg-schedule]: register schedule /Users/iyb-caoyouzhi/Desktop/iyb-new-code/url2skeleton/server/init/node_modules/egg-logrotator/app/schedule/clean_log.js
2020-12-15 19:16:00,399 INFO 15253 [egg-schedule]: register schedule /Users/iyb-caoyouzhi/Desktop/iyb-new-code/url2skeleton/server/init/node_modules/egg-logrotator/app/schedule/rotate_by_file.js
2020-12-15 19:16:09,766 INFO 15275 [egg-schedule]: register schedule /Users/iyb-caoyouzhi/Desktop/iyb-new-code/url2skeleton/server/init/node_modules/egg-multipart/app/schedule/clean_tmpdir.js
2020-12-15 19:16:09,766 INFO 15275 [egg-schedule]: register schedule /Users/iyb-caoyouzhi/Desktop/iyb-new-code/url2skeleton/server/init/node_modules/egg-logrotator/app/schedule/clean_log.js
2020-12-15 19:16:09,766 INFO 15275 [egg-schedule]: register schedule /Users/iyb-caoyouzhi/Desktop/iyb-new-code/url2skeleton/server/init/node_modules/egg-logrotator/app/schedule/rotate_by_file.js
2020-12-15 19:16:11,833 INFO 15279 [egg-schedule]: register schedule /Users/iyb-caoyouzhi/Desktop/iyb-new-code/url2skeleton/server/init/node_modules/egg-multipart/app/schedule/clean_tmpdir.js
2020-12-15 19:16:11,833 INFO 15279 [egg-schedule]: register schedule /Users/iyb-caoyouzhi/Desktop/iyb-new-code/url2skeleton/server/init/node_modules/egg-logrotator/app/schedule/clean_log.js
2020-12-15 19:16:11,833 INFO 15279 [egg-schedule]: register schedule /Users/iyb-caoyouzhi/Desktop/iyb-new-code/url2skeleton/server/init/node_modules/egg-logrotator/app/schedule/rotate_by_file.js
2020-12-15 19:16:13,908 INFO 15280 [egg-schedule]: register schedule /Users/iyb-caoyouzhi/Desktop/iyb-new-code/url2skeleton/server/init/node_modules/egg-multipart/app/schedule/clean_tmpdir.js
2020-12-15 19:16:13,909 INFO 15280 [egg-schedule]: register schedule /Users/iyb-caoyouzhi/Desktop/iyb-new-code/url2skeleton/server/init/node_modules/egg-logrotator/app/schedule/clean_log.js
2020-12-15 19:16:13,909 INFO 15280 [egg-schedule]: register schedule /Users/iyb-caoyouzhi/Desktop/iyb-new-code/url2skeleton/server/init/node_modules/egg-logrotator/app/schedule/rotate_by_file.js
2020-12-15 19:16:14,588 INFO 15289 [egg-schedule]: register schedule /Users/iyb-caoyouzhi/Desktop/iyb-new-code/url2skeleton/server/init/node_modules/egg-multipart/app/schedule/clean_tmpdir.js
2020-12-15 19:16:14,588 INFO 15289 [egg-schedule]: register schedule /Users/iyb-caoyouzhi/Desktop/iyb-new-code/url2skeleton/server/init/node_modules/egg-logrotator/app/schedule/clean_log.js
2020-12-15 19:16:14,588 INFO 15289 [egg-schedule]: register schedule /Users/iyb-caoyouzhi/Desktop/iyb-new-code/url2skeleton/server/init/node_modules/egg-logrotator/app/schedule/rotate_by_file.js
2020-12-15 19:16:16,091 INFO 15291 [egg-schedule]: register schedule /Users/iyb-caoyouzhi/Desktop/iyb-new-code/url2skeleton/server/init/node_modules/egg-multipart/app/schedule/clean_tmpdir.js
2020-12-15 19:16:16,091 INFO 15291 [egg-schedule]: register schedule /Users/iyb-caoyouzhi/Desktop/iyb-new-code/url2skeleton/server/init/node_modules/egg-logrotator/app/schedule/clean_log.js
2020-12-15 19:16:16,092 INFO 15291 [egg-schedule]: register schedule /Users/iyb-caoyouzhi/Desktop/iyb-new-code/url2skeleton/server/init/node_modules/egg-logrotator/app/schedule/rotate_by_file.js
2020-12-15 19:16:17,343 INFO 15292 [egg-schedule]: register schedule /Users/iyb-caoyouzhi/Desktop/iyb-new-code/url2skeleton/server/init/node_modules/egg-multipart/app/schedule/clean_tmpdir.js
2020-12-15 19:16:17,343 INFO 15292 [egg-schedule]: register schedule /Users/iyb-caoyouzhi/Desktop/iyb-new-code/url2skeleton/server/init/node_modules/egg-logrotator/app/schedule/clean_log.js
2020-12-15 19:16:17,343 INFO 15292 [egg-schedule]: register schedule /Users/iyb-caoyouzhi/Desktop/iyb-new-code/url2skeleton/server/init/node_modules/egg-logrotator/app/schedule/rotate_by_file.js
2020-12-15 19:16:19,103 INFO 15294 [egg-schedule]: register schedule /Users/iyb-caoyouzhi/Desktop/iyb-new-code/url2skeleton/server/init/node_modules/egg-multipart/app/schedule/clean_tmpdir.js
2020-12-15 19:16:19,103 INFO 15294 [egg-schedule]: register schedule /Users/iyb-caoyouzhi/Desktop/iyb-new-code/url2skeleton/server/init/node_modules/egg-logrotator/app/schedule/clean_log.js
2020-12-15 19:16:19,103 INFO 15294 [egg-schedule]: register schedule /Users/iyb-caoyouzhi/Desktop/iyb-new-code/url2skeleton/server/init/node_modules/egg-logrotator/app/schedule/rotate_by_file.js
2020-12-15 19:17:11,755 INFO 15352 [egg-schedule]: register schedule /Users/iyb-caoyouzhi/Desktop/iyb-new-code/url2skeleton/server/init/node_modules/egg-multipart/app/schedule/clean_tmpdir.js
2020-12-15 19:17:11,755 INFO 15352 [egg-schedule]: register schedule /Users/iyb-caoyouzhi/Desktop/iyb-new-code/url2skeleton/server/init/node_modules/egg-logrotator/app/schedule/clean_log.js
2020-12-15 19:17:11,755 INFO 15352 [egg-schedule]: register schedule /Users/iyb-caoyouzhi/Desktop/iyb-new-code/url2skeleton/server/init/node_modules/egg-logrotator/app/schedule/rotate_by_file.js
2020-12-15 19:17:14,207 INFO 15362 [egg-schedule]: register schedule /Users/iyb-caoyouzhi/Desktop/iyb-new-code/url2skeleton/server/init/node_modules/egg-multipart/app/schedule/clean_tmpdir.js
2020-12-15 19:17:14,207 INFO 15362 [egg-schedule]: register schedule /Users/iyb-caoyouzhi/Desktop/iyb-new-code/url2skeleton/server/init/node_modules/egg-logrotator/app/schedule/clean_log.js
2020-12-15 19:17:14,207 INFO 15362 [egg-schedule]: register schedule /Users/iyb-caoyouzhi/Desktop/iyb-new-code/url2skeleton/server/init/node_modules/egg-logrotator/app/schedule/rotate_by_file.js
2020-12-15 19:17:58,651 INFO 15391 [egg-schedule]: register schedule /Users/iyb-caoyouzhi/Desktop/iyb-new-code/url2skeleton/server/init/node_modules/egg-multipart/app/schedule/clean_tmpdir.js
2020-12-15 19:17:58,651 INFO 15391 [egg-schedule]: register schedule /Users/iyb-caoyouzhi/Desktop/iyb-new-code/url2skeleton/server/init/node_modules/egg-logrotator/app/schedule/clean_log.js
2020-12-15 19:17:58,651 INFO 15391 [egg-schedule]: register schedule /Users/iyb-caoyouzhi/Desktop/iyb-new-code/url2skeleton/server/init/node_modules/egg-logrotator/app/schedule/rotate_by_file.js
2020-12-15 19:18:01,074 INFO 15402 [egg-schedule]: register schedule /Users/iyb-caoyouzhi/Desktop/iyb-new-code/url2skeleton/server/init/node_modules/egg-multipart/app/schedule/clean_tmpdir.js
2020-12-15 19:18:01,074 INFO 15402 [egg-schedule]: register schedule /Users/iyb-caoyouzhi/Desktop/iyb-new-code/url2skeleton/server/init/node_modules/egg-logrotator/app/schedule/clean_log.js
2020-12-15 19:18:01,074 INFO 15402 [egg-schedule]: register schedule /Users/iyb-caoyouzhi/Desktop/iyb-new-code/url2skeleton/server/init/node_modules/egg-logrotator/app/schedule/rotate_by_file.js
2020-12-15 19:18:22,778 INFO 15422 [egg-schedule]: register schedule /Users/iyb-caoyouzhi/Desktop/iyb-new-code/url2skeleton/server/init/node_modules/egg-multipart/app/schedule/clean_tmpdir.js
2020-12-15 19:18:22,778 INFO 15422 [egg-schedule]: register schedule /Users/iyb-caoyouzhi/Desktop/iyb-new-code/url2skeleton/server/init/node_modules/egg-logrotator/app/schedule/clean_log.js
2020-12-15 19:18:22,778 INFO 15422 [egg-schedule]: register schedule /Users/iyb-caoyouzhi/Desktop/iyb-new-code/url2skeleton/server/init/node_modules/egg-logrotator/app/schedule/rotate_by_file.js
2020-12-15 19:18:23,246 INFO 15424 [egg-schedule]: register schedule /Users/iyb-caoyouzhi/Desktop/iyb-new-code/url2skeleton/server/init/node_modules/egg-multipart/app/schedule/clean_tmpdir.js
2020-12-15 19:18:23,246 INFO 15424 [egg-schedule]: register schedule /Users/iyb-caoyouzhi/Desktop/iyb-new-code/url2skeleton/server/init/node_modules/egg-logrotator/app/schedule/clean_log.js
2020-12-15 19:18:23,246 INFO 15424 [egg-schedule]: register schedule /Users/iyb-caoyouzhi/Desktop/iyb-new-code/url2skeleton/server/init/node_modules/egg-logrotator/app/schedule/rotate_by_file.js
2020-12-15 19:18:25,337 INFO 15427 [egg-schedule]: register schedule /Users/iyb-caoyouzhi/Desktop/iyb-new-code/url2skeleton/server/init/node_modules/egg-multipart/app/schedule/clean_tmpdir.js
2020-12-15 19:18:25,337 INFO 15427 [egg-schedule]: register schedule /Users/iyb-caoyouzhi/Desktop/iyb-new-code/url2skeleton/server/init/node_modules/egg-logrotator/app/schedule/clean_log.js
2020-12-15 19:18:25,337 INFO 15427 [egg-schedule]: register schedule /Users/iyb-caoyouzhi/Desktop/iyb-new-code/url2skeleton/server/init/node_modules/egg-logrotator/app/schedule/rotate_by_file.js
2020-12-15 19:18:58,763 INFO 15473 [egg-schedule]: register schedule /Users/iyb-caoyouzhi/Desktop/iyb-new-code/url2skeleton/server/init/node_modules/egg-multipart/app/schedule/clean_tmpdir.js
2020-12-15 19:18:58,763 INFO 15473 [egg-schedule]: register schedule /Users/iyb-caoyouzhi/Desktop/iyb-new-code/url2skeleton/server/init/node_modules/egg-logrotator/app/schedule/clean_log.js
2020-12-15 19:18:58,763 INFO 15473 [egg-schedule]: register schedule /Users/iyb-caoyouzhi/Desktop/iyb-new-code/url2skeleton/server/init/node_modules/egg-logrotator/app/schedule/rotate_by_file.js
2020-12-15 19:19:01,127 INFO 15484 [egg-schedule]: register schedule /Users/iyb-caoyouzhi/Desktop/iyb-new-code/url2skeleton/server/init/node_modules/egg-multipart/app/schedule/clean_tmpdir.js
2020-12-15 19:19:01,127 INFO 15484 [egg-schedule]: register schedule /Users/iyb-caoyouzhi/Desktop/iyb-new-code/url2skeleton/server/init/node_modules/egg-logrotator/app/schedule/clean_log.js
2020-12-15 19:19:01,127 INFO 15484 [egg-schedule]: register schedule /Users/iyb-caoyouzhi/Desktop/iyb-new-code/url2skeleton/server/init/node_modules/egg-logrotator/app/schedule/rotate_by_file.js
2020-12-15 19:30:38,700 INFO 16215 [egg-schedule]: register schedule /Users/iyb-caoyouzhi/Desktop/iyb-new-code/url2skeleton/server/init/node_modules/egg-multipart/app/schedule/clean_tmpdir.js
2020-12-15 19:30:38,700 INFO 16215 [egg-schedule]: register schedule /Users/iyb-caoyouzhi/Desktop/iyb-new-code/url2skeleton/server/init/node_modules/egg-logrotator/app/schedule/clean_log.js
2020-12-15 19:30:38,700 INFO 16215 [egg-schedule]: register schedule /Users/iyb-caoyouzhi/Desktop/iyb-new-code/url2skeleton/server/init/node_modules/egg-logrotator/app/schedule/rotate_by_file.js
2020-12-15 19:30:39,720 INFO 16214 [Timer] /Users/iyb-caoyouzhi/Desktop/iyb-new-code/url2skeleton/server/init/node_modules/egg-multipart/app/schedule/clean_tmpdir.js next time will execute after 32360283ms at 2020-12-16 04:30:00.003
2020-12-15 19:30:39,720 INFO 16214 [Timer] /Users/iyb-caoyouzhi/Desktop/iyb-new-code/url2skeleton/server/init/node_modules/egg-logrotator/app/schedule/clean_log.js next time will execute after 16160280ms at 2020-12-16 00:00:00.000
2020-12-15 19:30:39,721 INFO 16214 [Timer] /Users/iyb-caoyouzhi/Desktop/iyb-new-code/url2skeleton/server/init/node_modules/egg-logrotator/app/schedule/rotate_by_file.js next time will execute after 16161279ms at 2020-12-16 00:00:01.000
2020-12-15 19:32:06,226 INFO 16263 [egg-schedule]: register schedule /Users/iyb-caoyouzhi/Desktop/iyb-new-code/url2skeleton/server/init/node_modules/egg-multipart/app/schedule/clean_tmpdir.js
2020-12-15 19:32:06,226 INFO 16263 [egg-schedule]: register schedule /Users/iyb-caoyouzhi/Desktop/iyb-new-code/url2skeleton/server/init/node_modules/egg-logrotator/app/schedule/clean_log.js
2020-12-15 19:32:06,226 INFO 16263 [egg-schedule]: register schedule /Users/iyb-caoyouzhi/Desktop/iyb-new-code/url2skeleton/server/init/node_modules/egg-logrotator/app/schedule/rotate_by_file.js
2020-12-15 19:32:08,376 INFO 16272 [egg-schedule]: register schedule /Users/iyb-caoyouzhi/Desktop/iyb-new-code/url2skeleton/server/init/node_modules/egg-multipart/app/schedule/clean_tmpdir.js
2020-12-15 19:32:08,376 INFO 16272 [egg-schedule]: register schedule /Users/iyb-caoyouzhi/Desktop/iyb-new-code/url2skeleton/server/init/node_modules/egg-logrotator/app/schedule/clean_log.js
2020-12-15 19:32:08,376 INFO 16272 [egg-schedule]: register schedule /Users/iyb-caoyouzhi/Desktop/iyb-new-code/url2skeleton/server/init/node_modules/egg-logrotator/app/schedule/rotate_by_file.js
2020-12-15 19:32:10,747 INFO 16275 [egg-schedule]: register schedule /Users/iyb-caoyouzhi/Desktop/iyb-new-code/url2skeleton/server/init/node_modules/egg-multipart/app/schedule/clean_tmpdir.js
2020-12-15 19:32:10,747 INFO 16275 [egg-schedule]: register schedule /Users/iyb-caoyouzhi/Desktop/iyb-new-code/url2skeleton/server/init/node_modules/egg-logrotator/app/schedule/clean_log.js
2020-12-15 19:32:10,747 INFO 16275 [egg-schedule]: register schedule /Users/iyb-caoyouzhi/Desktop/iyb-new-code/url2skeleton/server/init/node_modules/egg-logrotator/app/schedule/rotate_by_file.js
2020-12-15 19:32:26,946 INFO 16292 [egg-schedule]: register schedule /Users/iyb-caoyouzhi/Desktop/iyb-new-code/url2skeleton/server/init/node_modules/egg-multipart/app/schedule/clean_tmpdir.js
2020-12-15 19:32:26,946 INFO 16292 [egg-schedule]: register schedule /Users/iyb-caoyouzhi/Desktop/iyb-new-code/url2skeleton/server/init/node_modules/egg-logrotator/app/schedule/clean_log.js
2020-12-15 19:32:26,946 INFO 16292 [egg-schedule]: register schedule /Users/iyb-caoyouzhi/Desktop/iyb-new-code/url2skeleton/server/init/node_modules/egg-logrotator/app/schedule/rotate_by_file.js
2020-12-15 19:33:32,113 INFO 16339 [egg-schedule]: register schedule /Users/iyb-caoyouzhi/Desktop/iyb-new-code/url2skeleton/server/init/node_modules/egg-multipart/app/schedule/clean_tmpdir.js
2020-12-15 19:33:32,114 INFO 16339 [egg-schedule]: register schedule /Users/iyb-caoyouzhi/Desktop/iyb-new-code/url2skeleton/server/init/node_modules/egg-logrotator/app/schedule/clean_log.js
2020-12-15 19:33:32,114 INFO 16339 [egg-schedule]: register schedule /Users/iyb-caoyouzhi/Desktop/iyb-new-code/url2skeleton/server/init/node_modules/egg-logrotator/app/schedule/rotate_by_file.js
2020-12-15 19:33:32,662 INFO 16337 [Timer] /Users/iyb-caoyouzhi/Desktop/iyb-new-code/url2skeleton/server/init/node_modules/egg-multipart/app/schedule/clean_tmpdir.js next time will execute after 32187341ms at 2020-12-16 04:30:00.003
2020-12-15 19:33:32,662 INFO 16337 [Timer] /Users/iyb-caoyouzhi/Desktop/iyb-new-code/url2skeleton/server/init/node_modules/egg-logrotator/app/schedule/clean_log.js next time will execute after 15987338ms at 2020-12-16 00:00:00.000
2020-12-15 19:33:32,663 INFO 16337 [Timer] /Users/iyb-caoyouzhi/Desktop/iyb-new-code/url2skeleton/server/init/node_modules/egg-logrotator/app/schedule/rotate_by_file.js next time will execute after 15988338ms at 2020-12-16 00:00:01.001
2020-12-15 19:38:58,899 INFO 17341 [egg-schedule]: register schedule /Users/iyb-caoyouzhi/Desktop/iyb-new-code/url2skeleton/server/init/node_modules/_egg-multipart@2.10.3@egg-multipart/app/schedule/clean_tmpdir.js
2020-12-15 19:38:58,899 INFO 17341 [egg-schedule]: register schedule /Users/iyb-caoyouzhi/Desktop/iyb-new-code/url2skeleton/server/init/node_modules/_egg-logrotator@3.1.0@egg-logrotator/app/schedule/clean_log.js
2020-12-15 19:38:58,899 INFO 17341 [egg-schedule]: register schedule /Users/iyb-caoyouzhi/Desktop/iyb-new-code/url2skeleton/server/init/node_modules/_egg-logrotator@3.1.0@egg-logrotator/app/schedule/rotate_by_file.js
2020-12-15 19:39:00,062 INFO 17340 [Timer] /Users/iyb-caoyouzhi/Desktop/iyb-new-code/url2skeleton/server/init/node_modules/_egg-multipart@2.10.3@egg-multipart/app/schedule/clean_tmpdir.js next time will execute after 31859941ms at 2020-12-16 04:30:00.003
2020-12-15 19:39:00,063 INFO 17340 [Timer] /Users/iyb-caoyouzhi/Desktop/iyb-new-code/url2skeleton/server/init/node_modules/_egg-logrotator@3.1.0@egg-logrotator/app/schedule/clean_log.js next time will execute after 15659937ms at 2020-12-16 00:00:00.000
2020-12-15 19:39:00,063 INFO 17340 [Timer] /Users/iyb-caoyouzhi/Desktop/iyb-new-code/url2skeleton/server/init/node_modules/_egg-logrotator@3.1.0@egg-logrotator/app/schedule/rotate_by_file.js next time will execute after 15660937ms at 2020-12-16 00:00:01.000
2020-12-15 19:43:57,897 INFO 18117 [egg-schedule]: register schedule /Users/iyb-caoyouzhi/Desktop/iyb-new-code/url2skeleton/server/init/node_modules/_egg-multipart@2.10.3@egg-multipart/app/schedule/clean_tmpdir.js
2020-12-15 19:43:57,897 INFO 18117 [egg-schedule]: register schedule /Users/iyb-caoyouzhi/Desktop/iyb-new-code/url2skeleton/server/init/node_modules/_egg-logrotator@3.1.0@egg-logrotator/app/schedule/clean_log.js
2020-12-15 19:43:57,897 INFO 18117 [egg-schedule]: register schedule /Users/iyb-caoyouzhi/Desktop/iyb-new-code/url2skeleton/server/init/node_modules/_egg-logrotator@3.1.0@egg-logrotator/app/schedule/rotate_by_file.js
2020-12-15 19:43:58,848 INFO 18114 [Timer] /Users/iyb-caoyouzhi/Desktop/iyb-new-code/url2skeleton/server/init/node_modules/_egg-multipart@2.10.3@egg-multipart/app/schedule/clean_tmpdir.js next time will execute after 31561155ms at 2020-12-16 04:30:00.003
2020-12-15 19:43:58,848 INFO 18114 [Timer] /Users/iyb-caoyouzhi/Desktop/iyb-new-code/url2skeleton/server/init/node_modules/_egg-logrotator@3.1.0@egg-logrotator/app/schedule/clean_log.js next time will execute after 15361152ms at 2020-12-16 00:00:00.000
2020-12-15 19:43:58,849 INFO 18114 [Timer] /Users/iyb-caoyouzhi/Desktop/iyb-new-code/url2skeleton/server/init/node_modules/_egg-logrotator@3.1.0@egg-logrotator/app/schedule/rotate_by_file.js next time will execute after 15362152ms at 2020-12-16 00:00:01.001
2020-12-15 19:44:55,147 INFO 18352 [egg-schedule]: register schedule /Users/iyb-caoyouzhi/Desktop/iyb-new-code/url2skeleton/server/init/node_modules/_egg-multipart@2.10.3@egg-multipart/app/schedule/clean_tmpdir.js
2020-12-15 19:44:55,147 INFO 18352 [egg-schedule]: register schedule /Users/iyb-caoyouzhi/Desktop/iyb-new-code/url2skeleton/server/init/node_modules/_egg-logrotator@3.1.0@egg-logrotator/app/schedule/clean_log.js
2020-12-15 19:44:55,147 INFO 18352 [egg-schedule]: register schedule /Users/iyb-caoyouzhi/Desktop/iyb-new-code/url2skeleton/server/init/node_modules/_egg-logrotator@3.1.0@egg-logrotator/app/schedule/rotate_by_file.js
2020-12-15 19:44:58,045 INFO 18388 [egg-schedule]: register schedule /Users/iyb-caoyouzhi/Desktop/iyb-new-code/url2skeleton/server/init/node_modules/_egg-multipart@2.10.3@egg-multipart/app/schedule/clean_tmpdir.js
2020-12-15 19:44:58,045 INFO 18388 [egg-schedule]: register schedule /Users/iyb-caoyouzhi/Desktop/iyb-new-code/url2skeleton/server/init/node_modules/_egg-logrotator@3.1.0@egg-logrotator/app/schedule/clean_log.js
2020-12-15 19:44:58,045 INFO 18388 [egg-schedule]: register schedule /Users/iyb-caoyouzhi/Desktop/iyb-new-code/url2skeleton/server/init/node_modules/_egg-logrotator@3.1.0@egg-logrotator/app/schedule/rotate_by_file.js
2020-12-15 19:45:17,209 INFO 18456 [egg-schedule]: register schedule /Users/iyb-caoyouzhi/Desktop/iyb-new-code/url2skeleton/server/init/node_modules/_egg-multipart@2.10.3@egg-multipart/app/schedule/clean_tmpdir.js
2020-12-15 19:45:17,209 INFO 18456 [egg-schedule]: register schedule /Users/iyb-caoyouzhi/Desktop/iyb-new-code/url2skeleton/server/init/node_modules/_egg-logrotator@3.1.0@egg-logrotator/app/schedule/clean_log.js
2020-12-15 19:45:17,209 INFO 18456 [egg-schedule]: register schedule /Users/iyb-caoyouzhi/Desktop/iyb-new-code/url2skeleton/server/init/node_modules/_egg-logrotator@3.1.0@egg-logrotator/app/schedule/rotate_by_file.js
2020-12-15 19:45:18,483 INFO 18458 [egg-schedule]: register schedule /Users/iyb-caoyouzhi/Desktop/iyb-new-code/url2skeleton/server/init/node_modules/_egg-multipart@2.10.3@egg-multipart/app/schedule/clean_tmpdir.js
2020-12-15 19:45:18,483 INFO 18458 [egg-schedule]: register schedule /Users/iyb-caoyouzhi/Desktop/iyb-new-code/url2skeleton/server/init/node_modules/_egg-logrotator@3.1.0@egg-logrotator/app/schedule/clean_log.js
2020-12-15 19:45:18,483 INFO 18458 [egg-schedule]: register schedule /Users/iyb-caoyouzhi/Desktop/iyb-new-code/url2skeleton/server/init/node_modules/_egg-logrotator@3.1.0@egg-logrotator/app/schedule/rotate_by_file.js
2020-12-15 19:45:20,446 INFO 18476 [egg-schedule]: register schedule /Users/iyb-caoyouzhi/Desktop/iyb-new-code/url2skeleton/server/init/node_modules/_egg-multipart@2.10.3@egg-multipart/app/schedule/clean_tmpdir.js
2020-12-15 19:45:20,446 INFO 18476 [egg-schedule]: register schedule /Users/iyb-caoyouzhi/Desktop/iyb-new-code/url2skeleton/server/init/node_modules/_egg-logrotator@3.1.0@egg-logrotator/app/schedule/clean_log.js
2020-12-15 19:45:20,446 INFO 18476 [egg-schedule]: register schedule /Users/iyb-caoyouzhi/Desktop/iyb-new-code/url2skeleton/server/init/node_modules/_egg-logrotator@3.1.0@egg-logrotator/app/schedule/rotate_by_file.js
2020-12-15 19:45:23,941 INFO 18491 [egg-schedule]: register schedule /Users/iyb-caoyouzhi/Desktop/iyb-new-code/url2skeleton/server/init/node_modules/_egg-multipart@2.10.3@egg-multipart/app/schedule/clean_tmpdir.js
2020-12-15 19:45:23,941 INFO 18491 [egg-schedule]: register schedule /Users/iyb-caoyouzhi/Desktop/iyb-new-code/url2skeleton/server/init/node_modules/_egg-logrotator@3.1.0@egg-logrotator/app/schedule/clean_log.js
2020-12-15 19:45:23,941 INFO 18491 [egg-schedule]: register schedule /Users/iyb-caoyouzhi/Desktop/iyb-new-code/url2skeleton/server/init/node_modules/_egg-logrotator@3.1.0@egg-logrotator/app/schedule/rotate_by_file.js
2020-12-15 19:45:26,431 INFO 18495 [egg-schedule]: register schedule /Users/iyb-caoyouzhi/Desktop/iyb-new-code/url2skeleton/server/init/node_modules/_egg-multipart@2.10.3@egg-multipart/app/schedule/clean_tmpdir.js
2020-12-15 19:45:26,431 INFO 18495 [egg-schedule]: register schedule /Users/iyb-caoyouzhi/Desktop/iyb-new-code/url2skeleton/server/init/node_modules/_egg-logrotator@3.1.0@egg-logrotator/app/schedule/clean_log.js
2020-12-15 19:45:26,431 INFO 18495 [egg-schedule]: register schedule /Users/iyb-caoyouzhi/Desktop/iyb-new-code/url2skeleton/server/init/node_modules/_egg-logrotator@3.1.0@egg-logrotator/app/schedule/rotate_by_file.js
2020-12-15 19:45:29,347 INFO 18508 [egg-schedule]: register schedule /Users/iyb-caoyouzhi/Desktop/iyb-new-code/url2skeleton/server/init/node_modules/_egg-multipart@2.10.3@egg-multipart/app/schedule/clean_tmpdir.js
2020-12-15 19:45:29,347 INFO 18508 [egg-schedule]: register schedule /Users/iyb-caoyouzhi/Desktop/iyb-new-code/url2skeleton/server/init/node_modules/_egg-logrotator@3.1.0@egg-logrotator/app/schedule/clean_log.js
2020-12-15 19:45:29,347 INFO 18508 [egg-schedule]: register schedule /Users/iyb-caoyouzhi/Desktop/iyb-new-code/url2skeleton/server/init/node_modules/_egg-logrotator@3.1.0@egg-logrotator/app/schedule/rotate_by_file.js
2020-12-15 19:45:31,511 INFO 18515 [egg-schedule]: register schedule /Users/iyb-caoyouzhi/Desktop/iyb-new-code/url2skeleton/server/init/node_modules/_egg-multipart@2.10.3@egg-multipart/app/schedule/clean_tmpdir.js
2020-12-15 19:45:31,511 INFO 18515 [egg-schedule]: register schedule /Users/iyb-caoyouzhi/Desktop/iyb-new-code/url2skeleton/server/init/node_modules/_egg-logrotator@3.1.0@egg-logrotator/app/schedule/clean_log.js
2020-12-15 19:45:31,511 INFO 18515 [egg-schedule]: register schedule /Users/iyb-caoyouzhi/Desktop/iyb-new-code/url2skeleton/server/init/node_modules/_egg-logrotator@3.1.0@egg-logrotator/app/schedule/rotate_by_file.js
2020-12-17 11:18:06,949 INFO 48312 [egg-schedule]: register schedule /Users/iyb-caoyouzhi/Desktop/iyb-new-code/url2skeleton/server/init/node_modules/egg-multipart/app/schedule/clean_tmpdir.js
2020-12-17 11:18:06,949 INFO 48312 [egg-schedule]: register schedule /Users/iyb-caoyouzhi/Desktop/iyb-new-code/url2skeleton/server/init/node_modules/egg-logrotator/app/schedule/clean_log.js
2020-12-17 11:18:06,949 INFO 48312 [egg-schedule]: register schedule /Users/iyb-caoyouzhi/Desktop/iyb-new-code/url2skeleton/server/init/node_modules/egg-logrotator/app/schedule/rotate_by_file.js
2020-12-17 11:18:08,979 INFO 48305 [Timer] /Users/iyb-caoyouzhi/Desktop/iyb-new-code/url2skeleton/server/init/node_modules/egg-multipart/app/schedule/clean_tmpdir.js next time will execute after 61911026ms at 2020-12-18 04:30:00.005
2020-12-17 11:18:08,979 INFO 48305 [Timer] /Users/iyb-caoyouzhi/Desktop/iyb-new-code/url2skeleton/server/init/node_modules/egg-logrotator/app/schedule/clean_log.js next time will execute after 45711021ms at 2020-12-18 00:00:00.000
2020-12-17 11:18:08,979 INFO 48305 [Timer] /Users/iyb-caoyouzhi/Desktop/iyb-new-code/url2skeleton/server/init/node_modules/egg-logrotator/app/schedule/rotate_by_file.js next time will execute after 45712021ms at 2020-12-18 00:00:01.000
2020-12-17 11:23:56,008 INFO 48702 [egg-schedule]: register schedule /Users/iyb-caoyouzhi/Desktop/iyb-new-code/url2skeleton/server/node_modules/egg-multipart/app/schedule/clean_tmpdir.js
2020-12-17 11:23:56,008 INFO 48702 [egg-schedule]: register schedule /Users/iyb-caoyouzhi/Desktop/iyb-new-code/url2skeleton/server/node_modules/egg-logrotator/app/schedule/clean_log.js
2020-12-17 11:23:56,008 INFO 48702 [egg-schedule]: register schedule /Users/iyb-caoyouzhi/Desktop/iyb-new-code/url2skeleton/server/node_modules/egg-logrotator/app/schedule/rotate_by_file.js
2020-12-17 11:23:57,664 INFO 48701 [Timer] /Users/iyb-caoyouzhi/Desktop/iyb-new-code/url2skeleton/server/node_modules/egg-multipart/app/schedule/clean_tmpdir.js next time will execute after 61562339ms at 2020-12-18 04:30:00.003
2020-12-17 11:23:57,664 INFO 48701 [Timer] /Users/iyb-caoyouzhi/Desktop/iyb-new-code/url2skeleton/server/node_modules/egg-logrotator/app/schedule/clean_log.js next time will execute after 45362336ms at 2020-12-18 00:00:00.000
2020-12-17 11:23:57,665 INFO 48701 [Timer] /Users/iyb-caoyouzhi/Desktop/iyb-new-code/url2skeleton/server/node_modules/egg-logrotator/app/schedule/rotate_by_file.js next time will execute after 45363336ms at 2020-12-18 00:00:01.001
