2020-12-14 10:18:11,413 INFO 18890 [egg-logrotator] app logger reload: got log-reload message
2020-12-14 11:08:21,285 WARN 18890 [ClusterClient:Watcher] follower closed, and try to init it again
2020-12-14 11:56:42,769 WARN 18890 [TCPBase] socket is closed by other side while there were still unhandled data in the socket buffer
2020-12-14 11:56:42,776 WARN 18890 [ClusterClient:Watcher] follower closed, and try to init it again
2020-12-14 13:42:37,784 WARN 18890 [ClusterClient:Watcher] follower closed, and try to init it again
2020-12-14 16:26:43,389 INFO 39567 [egg:logger] init all loggers with options: {"dir":"/Users/iyb-caoyouzhi/Desktop/iyb-new-code/url2skeleton/server/init/logs/skeleton-server","encoding":"utf8","env":"local","level":"INFO","consoleLevel":"INFO","disableConsoleAfterReady":false,"outputJSON":false,"buffer":true,"appLogName":"skeleton-server-web.log","coreLogName":"egg-web.log","agentLogName":"egg-agent.log","errorLogName":"common-error.log","coreLogger":{"consoleLevel":"WARN"},"allowDebugAtProd":false,"type":"application"}
2020-12-14 16:26:43,431 INFO 39567 [egg-multipart] stream mode enable
2020-12-14 16:26:43,612 INFO 39567 [egg-static] starting static serve /public/ -> /Users/iyb-caoyouzhi/Desktop/iyb-new-code/url2skeleton/server/init/app/public
2020-12-14 16:26:43,616 INFO 39567 [egg-security] use methodnoallow middleware
2020-12-14 16:26:43,617 INFO 39567 [egg-security] use noopen middleware
2020-12-14 16:26:43,619 INFO 39567 [egg-security] use nosniff middleware
2020-12-14 16:26:43,620 INFO 39567 [egg-security] use xssProtection middleware
2020-12-14 16:26:43,621 INFO 39567 [egg-security] use xframe middleware
2020-12-14 16:26:43,622 INFO 39567 [egg-security] use dta middleware
2020-12-14 16:26:43,622 INFO 39567 [egg-security] compose 6 middlewares into one security middleware
2020-12-14 16:26:44,775 INFO 39567 [egg:core] dump config after load, 9ms
2020-12-14 16:26:44,800 INFO 39567 [egg-watcher:application] watcher start success
2020-12-14 16:26:44,815 INFO 39567 [egg:core] dump config after ready, 12ms
2020-12-14 16:26:46,250 INFO 39567 [egg-view-nunjucks] loading templates from ["/Users/iyb-caoyouzhi/Desktop/iyb-new-code/url2skeleton/server/init/app/view"]
2020-12-14 16:27:33,015 INFO 39633 [egg:logger] init all loggers with options: {"dir":"/Users/iyb-caoyouzhi/Desktop/iyb-new-code/url2skeleton/server/init/logs/skeleton-server","encoding":"utf8","env":"local","level":"INFO","consoleLevel":"INFO","disableConsoleAfterReady":false,"outputJSON":false,"buffer":true,"appLogName":"skeleton-server-web.log","coreLogName":"egg-web.log","agentLogName":"egg-agent.log","errorLogName":"common-error.log","coreLogger":{"consoleLevel":"WARN"},"allowDebugAtProd":false,"type":"application"}
2020-12-14 16:27:33,063 INFO 39633 [egg-multipart] stream mode enable
2020-12-14 16:27:33,576 INFO 39633 [egg-static] starting static serve /public/ -> /Users/iyb-caoyouzhi/Desktop/iyb-new-code/url2skeleton/server/init/app/public
2020-12-14 16:27:33,582 INFO 39633 [egg-security] use methodnoallow middleware
2020-12-14 16:27:33,584 INFO 39633 [egg-security] use noopen middleware
2020-12-14 16:27:33,588 INFO 39633 [egg-security] use nosniff middleware
2020-12-14 16:27:33,590 INFO 39633 [egg-security] use xssProtection middleware
2020-12-14 16:27:33,591 INFO 39633 [egg-security] use xframe middleware
2020-12-14 16:27:33,593 INFO 39633 [egg-security] use dta middleware
2020-12-14 16:27:33,593 INFO 39633 [egg-security] compose 6 middlewares into one security middleware
2020-12-14 16:27:35,065 INFO 39633 [egg:core] dump config after load, 11ms
2020-12-14 16:27:35,089 INFO 39633 [egg-watcher:application] watcher start success
2020-12-14 16:27:35,109 INFO 39633 [egg:core] dump config after ready, 15ms
2020-12-14 16:27:38,228 INFO 39645 [egg:logger] init all loggers with options: {"dir":"/Users/iyb-caoyouzhi/Desktop/iyb-new-code/url2skeleton/server/init/logs/skeleton-server","encoding":"utf8","env":"local","level":"INFO","consoleLevel":"INFO","disableConsoleAfterReady":false,"outputJSON":false,"buffer":true,"appLogName":"skeleton-server-web.log","coreLogName":"egg-web.log","agentLogName":"egg-agent.log","errorLogName":"common-error.log","coreLogger":{"consoleLevel":"WARN"},"allowDebugAtProd":false,"type":"application"}
2020-12-14 16:27:38,275 INFO 39645 [egg-multipart] stream mode enable
2020-12-14 16:27:39,031 INFO 39645 [egg-static] starting static serve /public/ -> /Users/iyb-caoyouzhi/Desktop/iyb-new-code/url2skeleton/server/init/app/public
2020-12-14 16:27:39,046 INFO 39645 [egg-security] use methodnoallow middleware
2020-12-14 16:27:39,048 INFO 39645 [egg-security] use noopen middleware
2020-12-14 16:27:39,053 INFO 39645 [egg-security] use nosniff middleware
2020-12-14 16:27:39,060 INFO 39645 [egg-security] use xssProtection middleware
2020-12-14 16:27:39,072 INFO 39645 [egg-security] use xframe middleware
2020-12-14 16:27:39,081 INFO 39645 [egg-security] use dta middleware
2020-12-14 16:27:39,081 INFO 39645 [egg-security] compose 6 middlewares into one security middleware
2020-12-14 16:27:40,111 INFO 39645 [egg:core] dump config after load, 11ms
2020-12-14 16:27:40,152 INFO 39645 [egg-watcher:application] watcher start success
2020-12-14 16:27:40,177 INFO 39645 [egg:core] dump config after ready, 19ms
2020-12-14 16:28:25,914 INFO 39645 [egg-view-nunjucks] loading templates from ["/Users/iyb-caoyouzhi/Desktop/iyb-new-code/url2skeleton/server/init/app/view"]
2020-12-14 19:24:58,736 INFO 43264 [egg:logger] init all loggers with options: {"dir":"/Users/iyb-caoyouzhi/Desktop/iyb-new-code/url2skeleton/server/init/logs/skeleton-server","encoding":"utf8","env":"local","level":"INFO","consoleLevel":"INFO","disableConsoleAfterReady":false,"outputJSON":false,"buffer":true,"appLogName":"skeleton-server-web.log","coreLogName":"egg-web.log","agentLogName":"egg-agent.log","errorLogName":"common-error.log","coreLogger":{"consoleLevel":"WARN"},"allowDebugAtProd":false,"type":"application"}
2020-12-14 19:24:58,792 INFO 43264 [egg-multipart] stream mode enable
2020-12-14 19:24:59,110 INFO 43264 [egg-static] starting static serve /public/ -> /Users/iyb-caoyouzhi/Desktop/iyb-new-code/url2skeleton/server/init/app/public
2020-12-14 19:24:59,116 INFO 43264 [egg-security] use methodnoallow middleware
2020-12-14 19:24:59,119 INFO 43264 [egg-security] use noopen middleware
2020-12-14 19:24:59,123 INFO 43264 [egg-security] use nosniff middleware
2020-12-14 19:24:59,125 INFO 43264 [egg-security] use xssProtection middleware
2020-12-14 19:24:59,129 INFO 43264 [egg-security] use xframe middleware
2020-12-14 19:24:59,132 INFO 43264 [egg-security] use dta middleware
2020-12-14 19:24:59,132 INFO 43264 [egg-security] compose 6 middlewares into one security middleware
2020-12-14 19:25:00,580 INFO 43264 [egg:core] dump config after load, 11ms
2020-12-14 19:25:00,617 INFO 43264 [egg-watcher:application] watcher start success
2020-12-14 19:25:00,633 INFO 43264 [egg:core] dump config after ready, 7ms
2020-12-14 19:25:03,850 INFO 43264 [egg-view-nunjucks] loading templates from ["/Users/iyb-caoyouzhi/Desktop/iyb-new-code/url2skeleton/server/init/app/view"]
2020-12-14 21:36:22,096 WARN 43264 [ClusterClient:Watcher] follower closed, and try to init it again
2020-12-14 22:01:52,138 WARN 43264 [ClusterClient:Watcher] follower closed, and try to init it again
2020-12-14 23:02:34,355 WARN 43264 [ClusterClient:Watcher] follower closed, and try to init it again
2020-12-15 00:02:19,414 WARN 43264 [ClusterClient:Watcher] follower closed, and try to init it again
2020-12-15 01:02:40,447 WARN 43264 [ClusterClient:Watcher] follower closed, and try to init it again
2020-12-15 02:02:44,495 WARN 43264 [ClusterClient:Watcher] follower closed, and try to init it again
2020-12-15 03:02:48,618 WARN 43264 [ClusterClient:Watcher] follower closed, and try to init it again
2020-12-15 04:02:43,683 WARN 43264 [ClusterClient:Watcher] follower closed, and try to init it again
2020-12-15 05:02:45,834 WARN 43264 [ClusterClient:Watcher] follower closed, and try to init it again
2020-12-15 06:02:40,010 WARN 43264 [TCPBase] socket is closed by other side while there were still unhandled data in the socket buffer
2020-12-15 06:02:40,014 WARN 43264 [ClusterClient:Watcher] follower closed, and try to init it again
2020-12-15 07:50:53,057 WARN 43264 [ClusterClient:Watcher] follower closed, and try to init it again
2020-12-15 08:03:02,669 WARN 43264 [ClusterClient:Watcher] follower closed, and try to init it again
2020-12-15 09:03:23,701 WARN 43264 [ClusterClient:Watcher] follower closed, and try to init it again
2020-12-15 09:30:05,687 WARN 43264 [ClusterClient:Watcher] follower closed, and try to init it again
2020-12-15 09:55:12,198 WARN 43264 [ClusterClient:Watcher] follower closed, and try to init it again
2020-12-15 19:14:16,553 INFO 15092 [egg:logger] init all loggers with options: {"dir":"/Users/iyb-caoyouzhi/Desktop/iyb-new-code/url2skeleton/server/init/logs/skeleton-server","encoding":"utf8","env":"local","level":"INFO","consoleLevel":"INFO","disableConsoleAfterReady":false,"outputJSON":false,"buffer":true,"appLogName":"skeleton-server-web.log","coreLogName":"egg-web.log","agentLogName":"egg-agent.log","errorLogName":"common-error.log","coreLogger":{"consoleLevel":"WARN"},"allowDebugAtProd":false,"type":"application"}
2020-12-15 19:14:16,583 INFO 15092 [egg-multipart] stream mode enable
2020-12-15 19:14:16,867 INFO 15092 [egg-static] starting static serve /public/ -> /Users/iyb-caoyouzhi/Desktop/iyb-new-code/url2skeleton/server/init/app/public
2020-12-15 19:14:16,872 INFO 15092 [egg-security] use methodnoallow middleware
2020-12-15 19:14:16,874 INFO 15092 [egg-security] use noopen middleware
2020-12-15 19:14:16,877 INFO 15092 [egg-security] use nosniff middleware
2020-12-15 19:14:16,879 INFO 15092 [egg-security] use xssProtection middleware
2020-12-15 19:14:16,881 INFO 15092 [egg-security] use xframe middleware
2020-12-15 19:14:16,883 INFO 15092 [egg-security] use dta middleware
2020-12-15 19:14:16,883 INFO 15092 [egg-security] compose 6 middlewares into one security middleware
2020-12-15 19:14:17,952 INFO 15092 [egg:core] dump config after load, 7ms
2020-12-15 19:14:17,974 INFO 15092 [egg-watcher:application] watcher start success
2020-12-15 19:14:17,981 INFO 15092 [egg:core] dump config after ready, 5ms
2020-12-15 19:14:24,944 INFO 15092 [egg-view-nunjucks] loading templates from ["/Users/iyb-caoyouzhi/Desktop/iyb-new-code/url2skeleton/server/init/app/view"]
2020-12-15 19:15:44,038 INFO 15226 [egg:logger] init all loggers with options: {"dir":"/Users/iyb-caoyouzhi/Desktop/iyb-new-code/url2skeleton/server/init/logs/skeleton-server","encoding":"utf8","env":"local","level":"INFO","consoleLevel":"INFO","disableConsoleAfterReady":false,"outputJSON":false,"buffer":true,"appLogName":"skeleton-server-web.log","coreLogName":"egg-web.log","agentLogName":"egg-agent.log","errorLogName":"common-error.log","coreLogger":{"consoleLevel":"WARN"},"allowDebugAtProd":false,"type":"application"}
2020-12-15 19:15:44,073 INFO 15226 [egg-multipart] stream mode enable
2020-12-15 19:15:44,207 INFO 15226 [egg-static] starting static serve /public/ -> /Users/iyb-caoyouzhi/Desktop/iyb-new-code/url2skeleton/server/init/app/public
2020-12-15 19:15:44,210 INFO 15226 [egg-security] use methodnoallow middleware
2020-12-15 19:15:44,210 INFO 15226 [egg-security] use noopen middleware
2020-12-15 19:15:44,211 INFO 15226 [egg-security] use nosniff middleware
2020-12-15 19:15:44,212 INFO 15226 [egg-security] use xssProtection middleware
2020-12-15 19:15:44,213 INFO 15226 [egg-security] use xframe middleware
2020-12-15 19:15:44,213 INFO 15226 [egg-security] use dta middleware
2020-12-15 19:15:44,213 INFO 15226 [egg-security] compose 6 middlewares into one security middleware
2020-12-15 19:15:44,865 INFO 15226 [egg:core] dump config after load, 7ms
2020-12-15 19:15:44,884 INFO 15226 [egg-watcher:application] watcher start success
2020-12-15 19:15:44,896 INFO 15226 [egg:core] dump config after ready, 8ms
2020-12-15 19:15:46,366 INFO 15229 [egg:logger] init all loggers with options: {"dir":"/Users/iyb-caoyouzhi/Desktop/iyb-new-code/url2skeleton/server/init/logs/skeleton-server","encoding":"utf8","env":"local","level":"INFO","consoleLevel":"INFO","disableConsoleAfterReady":false,"outputJSON":false,"buffer":true,"appLogName":"skeleton-server-web.log","coreLogName":"egg-web.log","agentLogName":"egg-agent.log","errorLogName":"common-error.log","coreLogger":{"consoleLevel":"WARN"},"allowDebugAtProd":false,"type":"application"}
2020-12-15 19:15:46,409 INFO 15229 [egg-multipart] stream mode enable
2020-12-15 19:15:46,537 INFO 15229 [egg-static] starting static serve /public/ -> /Users/iyb-caoyouzhi/Desktop/iyb-new-code/url2skeleton/server/init/app/public
2020-12-15 19:15:46,540 INFO 15229 [egg-security] use methodnoallow middleware
2020-12-15 19:15:46,541 INFO 15229 [egg-security] use noopen middleware
2020-12-15 19:15:46,543 INFO 15229 [egg-security] use nosniff middleware
2020-12-15 19:15:46,543 INFO 15229 [egg-security] use xssProtection middleware
2020-12-15 19:15:46,544 INFO 15229 [egg-security] use xframe middleware
2020-12-15 19:15:46,545 INFO 15229 [egg-security] use dta middleware
2020-12-15 19:15:46,545 INFO 15229 [egg-security] compose 6 middlewares into one security middleware
2020-12-15 19:15:47,072 INFO 15229 [egg:core] dump config after load, 6ms
2020-12-15 19:15:47,093 INFO 15229 [egg-watcher:application] watcher start success
2020-12-15 19:15:47,112 INFO 15229 [egg:core] dump config after ready, 15ms
2020-12-15 19:15:48,325 INFO 15242 [egg:logger] init all loggers with options: {"dir":"/Users/iyb-caoyouzhi/Desktop/iyb-new-code/url2skeleton/server/init/logs/skeleton-server","encoding":"utf8","env":"local","level":"INFO","consoleLevel":"INFO","disableConsoleAfterReady":false,"outputJSON":false,"buffer":true,"appLogName":"skeleton-server-web.log","coreLogName":"egg-web.log","agentLogName":"egg-agent.log","errorLogName":"common-error.log","coreLogger":{"consoleLevel":"WARN"},"allowDebugAtProd":false,"type":"application"}
2020-12-15 19:15:48,371 INFO 15242 [egg-multipart] stream mode enable
2020-12-15 19:15:48,487 INFO 15242 [egg-static] starting static serve /public/ -> /Users/iyb-caoyouzhi/Desktop/iyb-new-code/url2skeleton/server/init/app/public
2020-12-15 19:15:48,490 INFO 15242 [egg-security] use methodnoallow middleware
2020-12-15 19:15:48,491 INFO 15242 [egg-security] use noopen middleware
2020-12-15 19:15:48,491 INFO 15242 [egg-security] use nosniff middleware
2020-12-15 19:15:48,492 INFO 15242 [egg-security] use xssProtection middleware
2020-12-15 19:15:48,493 INFO 15242 [egg-security] use xframe middleware
2020-12-15 19:15:48,493 INFO 15242 [egg-security] use dta middleware
2020-12-15 19:15:48,493 INFO 15242 [egg-security] compose 6 middlewares into one security middleware
2020-12-15 19:15:48,885 INFO 15242 [egg:core] dump config after load, 7ms
2020-12-15 19:15:48,910 INFO 15242 [egg-watcher:application] watcher start success
2020-12-15 19:15:48,923 INFO 15242 [egg:core] dump config after ready, 5ms
2020-12-15 19:15:49,887 INFO 15242 [egg-view-nunjucks] loading templates from ["/Users/iyb-caoyouzhi/Desktop/iyb-new-code/url2skeleton/server/init/app/view"]
2020-12-15 19:16:00,370 INFO 15253 [egg:logger] init all loggers with options: {"dir":"/Users/iyb-caoyouzhi/Desktop/iyb-new-code/url2skeleton/server/init/logs/skeleton-server","encoding":"utf8","env":"local","level":"INFO","consoleLevel":"INFO","disableConsoleAfterReady":false,"outputJSON":false,"buffer":true,"appLogName":"skeleton-server-web.log","coreLogName":"egg-web.log","agentLogName":"egg-agent.log","errorLogName":"common-error.log","coreLogger":{"consoleLevel":"WARN"},"allowDebugAtProd":false,"type":"application"}
2020-12-15 19:16:00,400 INFO 15253 [egg-multipart] stream mode enable
2020-12-15 19:16:00,506 INFO 15253 [egg-static] starting static serve /public/ -> /Users/iyb-caoyouzhi/Desktop/iyb-new-code/url2skeleton/server/init/app/public
2020-12-15 19:16:00,509 INFO 15253 [egg-security] use methodnoallow middleware
2020-12-15 19:16:00,510 INFO 15253 [egg-security] use noopen middleware
2020-12-15 19:16:00,511 INFO 15253 [egg-security] use nosniff middleware
2020-12-15 19:16:00,511 INFO 15253 [egg-security] use xssProtection middleware
2020-12-15 19:16:00,512 INFO 15253 [egg-security] use xframe middleware
2020-12-15 19:16:00,512 INFO 15253 [egg-security] use dta middleware
2020-12-15 19:16:00,512 INFO 15253 [egg-security] compose 6 middlewares into one security middleware
2020-12-15 19:16:00,873 INFO 15253 [egg:core] dump config after load, 6ms
2020-12-15 19:16:00,894 INFO 15253 [egg-watcher:application] watcher start success
2020-12-15 19:16:00,903 INFO 15253 [egg:core] dump config after ready, 6ms
2020-12-15 19:16:09,733 INFO 15275 [egg:logger] init all loggers with options: {"dir":"/Users/iyb-caoyouzhi/Desktop/iyb-new-code/url2skeleton/server/init/logs/skeleton-server","encoding":"utf8","env":"local","level":"INFO","consoleLevel":"INFO","disableConsoleAfterReady":false,"outputJSON":false,"buffer":true,"appLogName":"skeleton-server-web.log","coreLogName":"egg-web.log","agentLogName":"egg-agent.log","errorLogName":"common-error.log","coreLogger":{"consoleLevel":"WARN"},"allowDebugAtProd":false,"type":"application"}
2020-12-15 19:16:09,767 INFO 15275 [egg-multipart] stream mode enable
2020-12-15 19:16:09,888 INFO 15275 [egg-static] starting static serve /public/ -> /Users/iyb-caoyouzhi/Desktop/iyb-new-code/url2skeleton/server/init/app/public
2020-12-15 19:16:09,891 INFO 15275 [egg-security] use methodnoallow middleware
2020-12-15 19:16:09,891 INFO 15275 [egg-security] use noopen middleware
2020-12-15 19:16:09,892 INFO 15275 [egg-security] use nosniff middleware
2020-12-15 19:16:09,893 INFO 15275 [egg-security] use xssProtection middleware
2020-12-15 19:16:09,893 INFO 15275 [egg-security] use xframe middleware
2020-12-15 19:16:09,894 INFO 15275 [egg-security] use dta middleware
2020-12-15 19:16:09,894 INFO 15275 [egg-security] compose 6 middlewares into one security middleware
2020-12-15 19:16:10,300 INFO 15275 [egg:core] dump config after load, 17ms
2020-12-15 19:16:10,332 INFO 15275 [egg-watcher:application] watcher start success
2020-12-15 19:16:10,343 INFO 15275 [egg:core] dump config after ready, 7ms
2020-12-15 19:16:11,799 INFO 15279 [egg:logger] init all loggers with options: {"dir":"/Users/iyb-caoyouzhi/Desktop/iyb-new-code/url2skeleton/server/init/logs/skeleton-server","encoding":"utf8","env":"local","level":"INFO","consoleLevel":"INFO","disableConsoleAfterReady":false,"outputJSON":false,"buffer":true,"appLogName":"skeleton-server-web.log","coreLogName":"egg-web.log","agentLogName":"egg-agent.log","errorLogName":"common-error.log","coreLogger":{"consoleLevel":"WARN"},"allowDebugAtProd":false,"type":"application"}
2020-12-15 19:16:11,834 INFO 15279 [egg-multipart] stream mode enable
2020-12-15 19:16:11,949 INFO 15279 [egg-static] starting static serve /public/ -> /Users/iyb-caoyouzhi/Desktop/iyb-new-code/url2skeleton/server/init/app/public
2020-12-15 19:16:11,952 INFO 15279 [egg-security] use methodnoallow middleware
2020-12-15 19:16:11,952 INFO 15279 [egg-security] use noopen middleware
2020-12-15 19:16:11,953 INFO 15279 [egg-security] use nosniff middleware
2020-12-15 19:16:11,954 INFO 15279 [egg-security] use xssProtection middleware
2020-12-15 19:16:11,954 INFO 15279 [egg-security] use xframe middleware
2020-12-15 19:16:11,955 INFO 15279 [egg-security] use dta middleware
2020-12-15 19:16:11,955 INFO 15279 [egg-security] compose 6 middlewares into one security middleware
2020-12-15 19:16:12,358 INFO 15279 [egg:core] dump config after load, 16ms
2020-12-15 19:16:12,383 INFO 15279 [egg-watcher:application] watcher start success
2020-12-15 19:16:13,875 INFO 15280 [egg:logger] init all loggers with options: {"dir":"/Users/iyb-caoyouzhi/Desktop/iyb-new-code/url2skeleton/server/init/logs/skeleton-server","encoding":"utf8","env":"local","level":"INFO","consoleLevel":"INFO","disableConsoleAfterReady":false,"outputJSON":false,"buffer":true,"appLogName":"skeleton-server-web.log","coreLogName":"egg-web.log","agentLogName":"egg-agent.log","errorLogName":"common-error.log","coreLogger":{"consoleLevel":"WARN"},"allowDebugAtProd":false,"type":"application"}
2020-12-15 19:16:13,909 INFO 15280 [egg-multipart] stream mode enable
2020-12-15 19:16:14,041 INFO 15280 [egg-static] starting static serve /public/ -> /Users/iyb-caoyouzhi/Desktop/iyb-new-code/url2skeleton/server/init/app/public
2020-12-15 19:16:14,045 INFO 15280 [egg-security] use methodnoallow middleware
2020-12-15 19:16:14,046 INFO 15280 [egg-security] use noopen middleware
2020-12-15 19:16:14,049 INFO 15280 [egg-security] use nosniff middleware
2020-12-15 19:16:14,050 INFO 15280 [egg-security] use xssProtection middleware
2020-12-15 19:16:14,052 INFO 15280 [egg-security] use xframe middleware
2020-12-15 19:16:14,053 INFO 15280 [egg-security] use dta middleware
2020-12-15 19:16:14,053 INFO 15280 [egg-security] compose 6 middlewares into one security middleware
2020-12-15 19:16:14,523 INFO 15280 [egg:core] dump config after load, 7ms
2020-12-15 19:16:14,547 INFO 15280 [egg-watcher:application] watcher start success
2020-12-15 19:16:14,562 INFO 15280 [egg:core] dump config after ready, 11ms
2020-12-15 19:16:14,548 INFO 15289 [egg:logger] init all loggers with options: {"dir":"/Users/iyb-caoyouzhi/Desktop/iyb-new-code/url2skeleton/server/init/logs/skeleton-server","encoding":"utf8","env":"local","level":"INFO","consoleLevel":"INFO","disableConsoleAfterReady":false,"outputJSON":false,"buffer":true,"appLogName":"skeleton-server-web.log","coreLogName":"egg-web.log","agentLogName":"egg-agent.log","errorLogName":"common-error.log","coreLogger":{"consoleLevel":"WARN"},"allowDebugAtProd":false,"type":"application"}
2020-12-15 19:16:14,589 INFO 15289 [egg-multipart] stream mode enable
2020-12-15 19:16:14,743 INFO 15289 [egg-static] starting static serve /public/ -> /Users/iyb-caoyouzhi/Desktop/iyb-new-code/url2skeleton/server/init/app/public
2020-12-15 19:16:14,746 INFO 15289 [egg-security] use methodnoallow middleware
2020-12-15 19:16:14,748 INFO 15289 [egg-security] use noopen middleware
2020-12-15 19:16:14,749 INFO 15289 [egg-security] use nosniff middleware
2020-12-15 19:16:14,749 INFO 15289 [egg-security] use xssProtection middleware
2020-12-15 19:16:14,751 INFO 15289 [egg-security] use xframe middleware
2020-12-15 19:16:14,751 INFO 15289 [egg-security] use dta middleware
2020-12-15 19:16:14,751 INFO 15289 [egg-security] compose 6 middlewares into one security middleware
2020-12-15 19:16:15,198 INFO 15289 [egg:core] dump config after load, 5ms
2020-12-15 19:16:15,220 INFO 15289 [egg-watcher:application] watcher start success
2020-12-15 19:16:16,056 INFO 15291 [egg:logger] init all loggers with options: {"dir":"/Users/iyb-caoyouzhi/Desktop/iyb-new-code/url2skeleton/server/init/logs/skeleton-server","encoding":"utf8","env":"local","level":"INFO","consoleLevel":"INFO","disableConsoleAfterReady":false,"outputJSON":false,"buffer":true,"appLogName":"skeleton-server-web.log","coreLogName":"egg-web.log","agentLogName":"egg-agent.log","errorLogName":"common-error.log","coreLogger":{"consoleLevel":"WARN"},"allowDebugAtProd":false,"type":"application"}
2020-12-15 19:16:16,092 INFO 15291 [egg-multipart] stream mode enable
2020-12-15 19:16:16,232 INFO 15291 [egg-static] starting static serve /public/ -> /Users/iyb-caoyouzhi/Desktop/iyb-new-code/url2skeleton/server/init/app/public
2020-12-15 19:16:16,235 INFO 15291 [egg-security] use methodnoallow middleware
2020-12-15 19:16:16,235 INFO 15291 [egg-security] use noopen middleware
2020-12-15 19:16:16,237 INFO 15291 [egg-security] use nosniff middleware
2020-12-15 19:16:16,238 INFO 15291 [egg-security] use xssProtection middleware
2020-12-15 19:16:16,238 INFO 15291 [egg-security] use xframe middleware
2020-12-15 19:16:16,239 INFO 15291 [egg-security] use dta middleware
2020-12-15 19:16:16,239 INFO 15291 [egg-security] compose 6 middlewares into one security middleware
2020-12-15 19:16:16,654 INFO 15291 [egg:core] dump config after load, 9ms
2020-12-15 19:16:16,677 INFO 15291 [egg-watcher:application] watcher start success
2020-12-15 19:16:16,693 INFO 15291 [egg:core] dump config after ready, 13ms
2020-12-15 19:16:17,308 INFO 15292 [egg:logger] init all loggers with options: {"dir":"/Users/iyb-caoyouzhi/Desktop/iyb-new-code/url2skeleton/server/init/logs/skeleton-server","encoding":"utf8","env":"local","level":"INFO","consoleLevel":"INFO","disableConsoleAfterReady":false,"outputJSON":false,"buffer":true,"appLogName":"skeleton-server-web.log","coreLogName":"egg-web.log","agentLogName":"egg-agent.log","errorLogName":"common-error.log","coreLogger":{"consoleLevel":"WARN"},"allowDebugAtProd":false,"type":"application"}
2020-12-15 19:16:17,344 INFO 15292 [egg-multipart] stream mode enable
2020-12-15 19:16:17,492 INFO 15292 [egg-static] starting static serve /public/ -> /Users/iyb-caoyouzhi/Desktop/iyb-new-code/url2skeleton/server/init/app/public
2020-12-15 19:16:17,494 INFO 15292 [egg-security] use methodnoallow middleware
2020-12-15 19:16:17,495 INFO 15292 [egg-security] use noopen middleware
2020-12-15 19:16:17,497 INFO 15292 [egg-security] use nosniff middleware
2020-12-15 19:16:17,498 INFO 15292 [egg-security] use xssProtection middleware
2020-12-15 19:16:17,498 INFO 15292 [egg-security] use xframe middleware
2020-12-15 19:16:17,499 INFO 15292 [egg-security] use dta middleware
2020-12-15 19:16:17,499 INFO 15292 [egg-security] compose 6 middlewares into one security middleware
2020-12-15 19:16:18,242 INFO 15292 [egg:core] dump config after load, 13ms
2020-12-15 19:16:18,278 INFO 15292 [egg-watcher:application] watcher start success
2020-12-15 19:16:18,133 INFO 15291 [egg-view-nunjucks] loading templates from ["/Users/iyb-caoyouzhi/Desktop/iyb-new-code/url2skeleton/server/init/app/view"]
2020-12-15 19:16:19,070 INFO 15294 [egg:logger] init all loggers with options: {"dir":"/Users/iyb-caoyouzhi/Desktop/iyb-new-code/url2skeleton/server/init/logs/skeleton-server","encoding":"utf8","env":"local","level":"INFO","consoleLevel":"INFO","disableConsoleAfterReady":false,"outputJSON":false,"buffer":true,"appLogName":"skeleton-server-web.log","coreLogName":"egg-web.log","agentLogName":"egg-agent.log","errorLogName":"common-error.log","coreLogger":{"consoleLevel":"WARN"},"allowDebugAtProd":false,"type":"application"}
2020-12-15 19:16:19,103 INFO 15294 [egg-multipart] stream mode enable
2020-12-15 19:16:19,215 INFO 15294 [egg-static] starting static serve /public/ -> /Users/iyb-caoyouzhi/Desktop/iyb-new-code/url2skeleton/server/init/app/public
2020-12-15 19:16:19,217 INFO 15294 [egg-security] use methodnoallow middleware
2020-12-15 19:16:19,218 INFO 15294 [egg-security] use noopen middleware
2020-12-15 19:16:19,220 INFO 15294 [egg-security] use nosniff middleware
2020-12-15 19:16:19,221 INFO 15294 [egg-security] use xssProtection middleware
2020-12-15 19:16:19,221 INFO 15294 [egg-security] use xframe middleware
2020-12-15 19:16:19,222 INFO 15294 [egg-security] use dta middleware
2020-12-15 19:16:19,222 INFO 15294 [egg-security] compose 6 middlewares into one security middleware
2020-12-15 19:16:19,677 INFO 15294 [egg:core] dump config after load, 10ms
2020-12-15 19:16:19,695 INFO 15294 [egg-watcher:application] watcher start success
2020-12-15 19:16:19,702 INFO 15294 [egg:core] dump config after ready, 4ms
2020-12-15 19:17:11,711 INFO 15352 [egg:logger] init all loggers with options: {"dir":"/Users/iyb-caoyouzhi/Desktop/iyb-new-code/url2skeleton/server/init/logs/skeleton-server","encoding":"utf8","env":"local","level":"INFO","consoleLevel":"INFO","disableConsoleAfterReady":false,"outputJSON":false,"buffer":true,"appLogName":"skeleton-server-web.log","coreLogName":"egg-web.log","agentLogName":"egg-agent.log","errorLogName":"common-error.log","coreLogger":{"consoleLevel":"WARN"},"allowDebugAtProd":false,"type":"application"}
2020-12-15 19:17:11,755 INFO 15352 [egg-multipart] stream mode enable
2020-12-15 19:17:11,998 INFO 15352 [egg-static] starting static serve /public/ -> /Users/iyb-caoyouzhi/Desktop/iyb-new-code/url2skeleton/server/init/app/public
2020-12-15 19:17:12,003 INFO 15352 [egg-security] use methodnoallow middleware
2020-12-15 19:17:12,004 INFO 15352 [egg-security] use noopen middleware
2020-12-15 19:17:12,007 INFO 15352 [egg-security] use nosniff middleware
2020-12-15 19:17:12,008 INFO 15352 [egg-security] use xssProtection middleware
2020-12-15 19:17:12,009 INFO 15352 [egg-security] use xframe middleware
2020-12-15 19:17:12,010 INFO 15352 [egg-security] use dta middleware
2020-12-15 19:17:12,010 INFO 15352 [egg-security] compose 6 middlewares into one security middleware
2020-12-15 19:17:12,726 INFO 15352 [egg:core] dump config after load, 6ms
2020-12-15 19:17:12,746 INFO 15352 [egg-watcher:application] watcher start success
2020-12-15 19:17:12,756 INFO 15352 [egg:core] dump config after ready, 7ms
2020-12-15 19:17:14,173 INFO 15362 [egg:logger] init all loggers with options: {"dir":"/Users/iyb-caoyouzhi/Desktop/iyb-new-code/url2skeleton/server/init/logs/skeleton-server","encoding":"utf8","env":"local","level":"INFO","consoleLevel":"INFO","disableConsoleAfterReady":false,"outputJSON":false,"buffer":true,"appLogName":"skeleton-server-web.log","coreLogName":"egg-web.log","agentLogName":"egg-agent.log","errorLogName":"common-error.log","coreLogger":{"consoleLevel":"WARN"},"allowDebugAtProd":false,"type":"application"}
2020-12-15 19:17:14,208 INFO 15362 [egg-multipart] stream mode enable
2020-12-15 19:17:14,313 INFO 15362 [egg-static] starting static serve /public/ -> /Users/iyb-caoyouzhi/Desktop/iyb-new-code/url2skeleton/server/init/app/public
2020-12-15 19:17:14,316 INFO 15362 [egg-security] use methodnoallow middleware
2020-12-15 19:17:14,317 INFO 15362 [egg-security] use noopen middleware
2020-12-15 19:17:14,318 INFO 15362 [egg-security] use nosniff middleware
2020-12-15 19:17:14,319 INFO 15362 [egg-security] use xssProtection middleware
2020-12-15 19:17:14,319 INFO 15362 [egg-security] use xframe middleware
2020-12-15 19:17:14,320 INFO 15362 [egg-security] use dta middleware
2020-12-15 19:17:14,320 INFO 15362 [egg-security] compose 6 middlewares into one security middleware
2020-12-15 19:17:14,656 INFO 15362 [egg:core] dump config after load, 6ms
2020-12-15 19:17:14,675 INFO 15362 [egg-watcher:application] watcher start success
2020-12-15 19:17:14,686 INFO 15362 [egg:core] dump config after ready, 9ms
2020-12-15 19:17:58,619 INFO 15391 [egg:logger] init all loggers with options: {"dir":"/Users/iyb-caoyouzhi/Desktop/iyb-new-code/url2skeleton/server/init/logs/skeleton-server","encoding":"utf8","env":"local","level":"INFO","consoleLevel":"INFO","disableConsoleAfterReady":false,"outputJSON":false,"buffer":true,"appLogName":"skeleton-server-web.log","coreLogName":"egg-web.log","agentLogName":"egg-agent.log","errorLogName":"common-error.log","coreLogger":{"consoleLevel":"WARN"},"allowDebugAtProd":false,"type":"application"}
2020-12-15 19:17:58,651 INFO 15391 [egg-multipart] stream mode enable
2020-12-15 19:17:58,798 INFO 15391 [egg-static] starting static serve /public/ -> /Users/iyb-caoyouzhi/Desktop/iyb-new-code/url2skeleton/server/init/app/public
2020-12-15 19:17:58,802 INFO 15391 [egg-security] use methodnoallow middleware
2020-12-15 19:17:58,802 INFO 15391 [egg-security] use noopen middleware
2020-12-15 19:17:58,803 INFO 15391 [egg-security] use nosniff middleware
2020-12-15 19:17:58,804 INFO 15391 [egg-security] use xssProtection middleware
2020-12-15 19:17:58,805 INFO 15391 [egg-security] use xframe middleware
2020-12-15 19:17:58,806 INFO 15391 [egg-security] use dta middleware
2020-12-15 19:17:58,806 INFO 15391 [egg-security] compose 6 middlewares into one security middleware
2020-12-15 19:17:59,379 INFO 15391 [egg:core] dump config after load, 20ms
2020-12-15 19:17:59,401 INFO 15391 [egg-watcher:application] watcher start success
2020-12-15 19:17:59,410 INFO 15391 [egg:core] dump config after ready, 6ms
2020-12-15 19:18:01,043 INFO 15402 [egg:logger] init all loggers with options: {"dir":"/Users/iyb-caoyouzhi/Desktop/iyb-new-code/url2skeleton/server/init/logs/skeleton-server","encoding":"utf8","env":"local","level":"INFO","consoleLevel":"INFO","disableConsoleAfterReady":false,"outputJSON":false,"buffer":true,"appLogName":"skeleton-server-web.log","coreLogName":"egg-web.log","agentLogName":"egg-agent.log","errorLogName":"common-error.log","coreLogger":{"consoleLevel":"WARN"},"allowDebugAtProd":false,"type":"application"}
2020-12-15 19:18:01,075 INFO 15402 [egg-multipart] stream mode enable
2020-12-15 19:18:01,188 INFO 15402 [egg-static] starting static serve /public/ -> /Users/iyb-caoyouzhi/Desktop/iyb-new-code/url2skeleton/server/init/app/public
2020-12-15 19:18:01,191 INFO 15402 [egg-security] use methodnoallow middleware
2020-12-15 19:18:01,192 INFO 15402 [egg-security] use noopen middleware
2020-12-15 19:18:01,193 INFO 15402 [egg-security] use nosniff middleware
2020-12-15 19:18:01,194 INFO 15402 [egg-security] use xssProtection middleware
2020-12-15 19:18:01,194 INFO 15402 [egg-security] use xframe middleware
2020-12-15 19:18:01,195 INFO 15402 [egg-security] use dta middleware
2020-12-15 19:18:01,195 INFO 15402 [egg-security] compose 6 middlewares into one security middleware
2020-12-15 19:18:01,602 INFO 15402 [egg:core] dump config after load, 7ms
2020-12-15 19:18:01,622 INFO 15402 [egg-watcher:application] watcher start success
2020-12-15 19:18:01,635 INFO 15402 [egg:core] dump config after ready, 10ms
2020-12-15 19:18:22,732 INFO 15422 [egg:logger] init all loggers with options: {"dir":"/Users/iyb-caoyouzhi/Desktop/iyb-new-code/url2skeleton/server/init/logs/skeleton-server","encoding":"utf8","env":"local","level":"INFO","consoleLevel":"INFO","disableConsoleAfterReady":false,"outputJSON":false,"buffer":true,"appLogName":"skeleton-server-web.log","coreLogName":"egg-web.log","agentLogName":"egg-agent.log","errorLogName":"common-error.log","coreLogger":{"consoleLevel":"WARN"},"allowDebugAtProd":false,"type":"application"}
2020-12-15 19:18:22,779 INFO 15422 [egg-multipart] stream mode enable
2020-12-15 19:18:23,077 INFO 15422 [egg-static] starting static serve /public/ -> /Users/iyb-caoyouzhi/Desktop/iyb-new-code/url2skeleton/server/init/app/public
2020-12-15 19:18:23,081 INFO 15422 [egg-security] use methodnoallow middleware
2020-12-15 19:18:23,082 INFO 15422 [egg-security] use noopen middleware
2020-12-15 19:18:23,084 INFO 15422 [egg-security] use nosniff middleware
2020-12-15 19:18:23,085 INFO 15422 [egg-security] use xssProtection middleware
2020-12-15 19:18:23,085 INFO 15422 [egg-security] use xframe middleware
2020-12-15 19:18:23,087 INFO 15422 [egg-security] use dta middleware
2020-12-15 19:18:23,087 INFO 15422 [egg-security] compose 6 middlewares into one security middleware
2020-12-15 19:18:23,775 INFO 15422 [egg:core] dump config after load, 14ms
2020-12-15 19:18:23,199 INFO 15424 [egg:logger] init all loggers with options: {"dir":"/Users/iyb-caoyouzhi/Desktop/iyb-new-code/url2skeleton/server/init/logs/skeleton-server","encoding":"utf8","env":"local","level":"INFO","consoleLevel":"INFO","disableConsoleAfterReady":false,"outputJSON":false,"buffer":true,"appLogName":"skeleton-server-web.log","coreLogName":"egg-web.log","agentLogName":"egg-agent.log","errorLogName":"common-error.log","coreLogger":{"consoleLevel":"WARN"},"allowDebugAtProd":false,"type":"application"}
2020-12-15 19:18:23,247 INFO 15424 [egg-multipart] stream mode enable
2020-12-15 19:18:23,445 INFO 15424 [egg-static] starting static serve /public/ -> /Users/iyb-caoyouzhi/Desktop/iyb-new-code/url2skeleton/server/init/app/public
2020-12-15 19:18:23,449 INFO 15424 [egg-security] use methodnoallow middleware
2020-12-15 19:18:23,450 INFO 15424 [egg-security] use noopen middleware
2020-12-15 19:18:23,452 INFO 15424 [egg-security] use nosniff middleware
2020-12-15 19:18:23,453 INFO 15424 [egg-security] use xssProtection middleware
2020-12-15 19:18:23,454 INFO 15424 [egg-security] use xframe middleware
2020-12-15 19:18:23,455 INFO 15424 [egg-security] use dta middleware
2020-12-15 19:18:23,455 INFO 15424 [egg-security] compose 6 middlewares into one security middleware
2020-12-15 19:18:24,133 INFO 15424 [egg:core] dump config after load, 7ms
2020-12-15 19:18:24,157 INFO 15424 [egg-watcher:application] watcher start success
2020-12-15 19:18:23,812 INFO 15422 [egg-watcher:application] watcher start success
2020-12-15 19:18:23,827 INFO 15422 [egg:core] dump config after ready, 10ms
2020-12-15 19:18:25,304 INFO 15427 [egg:logger] init all loggers with options: {"dir":"/Users/iyb-caoyouzhi/Desktop/iyb-new-code/url2skeleton/server/init/logs/skeleton-server","encoding":"utf8","env":"local","level":"INFO","consoleLevel":"INFO","disableConsoleAfterReady":false,"outputJSON":false,"buffer":true,"appLogName":"skeleton-server-web.log","coreLogName":"egg-web.log","agentLogName":"egg-agent.log","errorLogName":"common-error.log","coreLogger":{"consoleLevel":"WARN"},"allowDebugAtProd":false,"type":"application"}
2020-12-15 19:18:25,338 INFO 15427 [egg-multipart] stream mode enable
2020-12-15 19:18:25,463 INFO 15427 [egg-static] starting static serve /public/ -> /Users/iyb-caoyouzhi/Desktop/iyb-new-code/url2skeleton/server/init/app/public
2020-12-15 19:18:25,466 INFO 15427 [egg-security] use methodnoallow middleware
2020-12-15 19:18:25,467 INFO 15427 [egg-security] use noopen middleware
2020-12-15 19:18:25,468 INFO 15427 [egg-security] use nosniff middleware
2020-12-15 19:18:25,468 INFO 15427 [egg-security] use xssProtection middleware
2020-12-15 19:18:25,469 INFO 15427 [egg-security] use xframe middleware
2020-12-15 19:18:25,469 INFO 15427 [egg-security] use dta middleware
2020-12-15 19:18:25,469 INFO 15427 [egg-security] compose 6 middlewares into one security middleware
2020-12-15 19:18:25,881 INFO 15427 [egg:core] dump config after load, 6ms
2020-12-15 19:18:25,900 INFO 15427 [egg-watcher:application] watcher start success
2020-12-15 19:18:25,911 INFO 15427 [egg:core] dump config after ready, 9ms
2020-12-15 19:18:58,728 INFO 15473 [egg:logger] init all loggers with options: {"dir":"/Users/iyb-caoyouzhi/Desktop/iyb-new-code/url2skeleton/server/init/logs/skeleton-server","encoding":"utf8","env":"local","level":"INFO","consoleLevel":"INFO","disableConsoleAfterReady":false,"outputJSON":false,"buffer":true,"appLogName":"skeleton-server-web.log","coreLogName":"egg-web.log","agentLogName":"egg-agent.log","errorLogName":"common-error.log","coreLogger":{"consoleLevel":"WARN"},"allowDebugAtProd":false,"type":"application"}
2020-12-15 19:18:58,764 INFO 15473 [egg-multipart] stream mode enable
2020-12-15 19:18:58,924 INFO 15473 [egg-static] starting static serve /public/ -> /Users/iyb-caoyouzhi/Desktop/iyb-new-code/url2skeleton/server/init/app/public
2020-12-15 19:18:58,928 INFO 15473 [egg-security] use methodnoallow middleware
2020-12-15 19:18:58,929 INFO 15473 [egg-security] use noopen middleware
2020-12-15 19:18:58,932 INFO 15473 [egg-security] use nosniff middleware
2020-12-15 19:18:58,933 INFO 15473 [egg-security] use xssProtection middleware
2020-12-15 19:18:58,934 INFO 15473 [egg-security] use xframe middleware
2020-12-15 19:18:58,935 INFO 15473 [egg-security] use dta middleware
2020-12-15 19:18:58,935 INFO 15473 [egg-security] compose 6 middlewares into one security middleware
2020-12-15 19:18:59,459 INFO 15473 [egg:core] dump config after load, 6ms
2020-12-15 19:18:59,480 INFO 15473 [egg-watcher:application] watcher start success
2020-12-15 19:18:59,488 INFO 15473 [egg:core] dump config after ready, 5ms
2020-12-15 19:18:59,590 INFO 15473 [egg-view-nunjucks] loading templates from ["/Users/iyb-caoyouzhi/Desktop/iyb-new-code/url2skeleton/server/init/app/view"]
2020-12-15 19:19:01,092 INFO 15484 [egg:logger] init all loggers with options: {"dir":"/Users/iyb-caoyouzhi/Desktop/iyb-new-code/url2skeleton/server/init/logs/skeleton-server","encoding":"utf8","env":"local","level":"INFO","consoleLevel":"INFO","disableConsoleAfterReady":false,"outputJSON":false,"buffer":true,"appLogName":"skeleton-server-web.log","coreLogName":"egg-web.log","agentLogName":"egg-agent.log","errorLogName":"common-error.log","coreLogger":{"consoleLevel":"WARN"},"allowDebugAtProd":false,"type":"application"}
2020-12-15 19:19:01,127 INFO 15484 [egg-multipart] stream mode enable
2020-12-15 19:19:01,250 INFO 15484 [egg-static] starting static serve /public/ -> /Users/iyb-caoyouzhi/Desktop/iyb-new-code/url2skeleton/server/init/app/public
2020-12-15 19:19:01,253 INFO 15484 [egg-security] use methodnoallow middleware
2020-12-15 19:19:01,254 INFO 15484 [egg-security] use noopen middleware
2020-12-15 19:19:01,255 INFO 15484 [egg-security] use nosniff middleware
2020-12-15 19:19:01,256 INFO 15484 [egg-security] use xssProtection middleware
2020-12-15 19:19:01,257 INFO 15484 [egg-security] use xframe middleware
2020-12-15 19:19:01,258 INFO 15484 [egg-security] use dta middleware
2020-12-15 19:19:01,258 INFO 15484 [egg-security] compose 6 middlewares into one security middleware
2020-12-15 19:19:01,662 INFO 15484 [egg:core] dump config after load, 6ms
2020-12-15 19:19:01,680 INFO 15484 [egg-watcher:application] watcher start success
2020-12-15 19:19:01,693 INFO 15484 [egg:core] dump config after ready, 10ms
2020-12-15 19:19:08,263 INFO 15484 [egg-view-nunjucks] loading templates from ["/Users/iyb-caoyouzhi/Desktop/iyb-new-code/url2skeleton/server/init/app/view"]
2020-12-15 19:30:38,669 INFO 16215 [egg:logger] init all loggers with options: {"dir":"/Users/iyb-caoyouzhi/Desktop/iyb-new-code/url2skeleton/server/init/logs/skeleton-server","encoding":"utf8","env":"local","level":"INFO","consoleLevel":"INFO","disableConsoleAfterReady":false,"outputJSON":false,"buffer":true,"appLogName":"skeleton-server-web.log","coreLogName":"egg-web.log","agentLogName":"egg-agent.log","errorLogName":"common-error.log","coreLogger":{"consoleLevel":"WARN"},"allowDebugAtProd":false,"type":"application"}
2020-12-15 19:30:38,700 INFO 16215 [egg-multipart] stream mode enable
2020-12-15 19:30:38,945 INFO 16215 [egg-static] starting static serve /public/ -> /Users/iyb-caoyouzhi/Desktop/iyb-new-code/url2skeleton/server/init/app/public
2020-12-15 19:30:38,947 INFO 16215 [egg-security] use methodnoallow middleware
2020-12-15 19:30:38,948 INFO 16215 [egg-security] use noopen middleware
2020-12-15 19:30:38,949 INFO 16215 [egg-security] use nosniff middleware
2020-12-15 19:30:38,950 INFO 16215 [egg-security] use xssProtection middleware
2020-12-15 19:30:38,950 INFO 16215 [egg-security] use xframe middleware
2020-12-15 19:30:38,952 INFO 16215 [egg-security] use dta middleware
2020-12-15 19:30:38,952 INFO 16215 [egg-security] compose 6 middlewares into one security middleware
2020-12-15 19:30:39,676 INFO 16215 [egg:core] dump config after load, 5ms
2020-12-15 19:30:39,696 INFO 16215 [egg-watcher:application] watcher start success
2020-12-15 19:30:39,709 INFO 16215 [egg:core] dump config after ready, 9ms
2020-12-15 19:30:40,534 INFO 16215 [egg-view-nunjucks] loading templates from ["/Users/iyb-caoyouzhi/Desktop/iyb-new-code/url2skeleton/server/init/app/view"]
2020-12-15 19:32:06,187 INFO 16263 [egg:logger] init all loggers with options: {"dir":"/Users/iyb-caoyouzhi/Desktop/iyb-new-code/url2skeleton/server/init/logs/skeleton-server","encoding":"utf8","env":"local","level":"INFO","consoleLevel":"INFO","disableConsoleAfterReady":false,"outputJSON":false,"buffer":true,"appLogName":"skeleton-server-web.log","coreLogName":"egg-web.log","agentLogName":"egg-agent.log","errorLogName":"common-error.log","coreLogger":{"consoleLevel":"WARN"},"allowDebugAtProd":false,"type":"application"}
2020-12-15 19:32:06,227 INFO 16263 [egg-multipart] stream mode enable
2020-12-15 19:32:06,347 INFO 16263 [egg-static] starting static serve /public/ -> /Users/iyb-caoyouzhi/Desktop/iyb-new-code/url2skeleton/server/init/app/public
2020-12-15 19:32:06,352 INFO 16263 [egg-security] use methodnoallow middleware
2020-12-15 19:32:06,352 INFO 16263 [egg-security] use noopen middleware
2020-12-15 19:32:06,353 INFO 16263 [egg-security] use nosniff middleware
2020-12-15 19:32:06,354 INFO 16263 [egg-security] use xssProtection middleware
2020-12-15 19:32:06,354 INFO 16263 [egg-security] use xframe middleware
2020-12-15 19:32:06,355 INFO 16263 [egg-security] use dta middleware
2020-12-15 19:32:06,355 INFO 16263 [egg-security] compose 6 middlewares into one security middleware
2020-12-15 19:32:06,833 INFO 16263 [egg:core] dump config after load, 7ms
2020-12-15 19:32:06,863 INFO 16263 [egg-watcher:application] watcher start success
2020-12-15 19:32:06,883 INFO 16263 [egg:core] dump config after ready, 17ms
2020-12-15 19:32:08,344 INFO 16272 [egg:logger] init all loggers with options: {"dir":"/Users/iyb-caoyouzhi/Desktop/iyb-new-code/url2skeleton/server/init/logs/skeleton-server","encoding":"utf8","env":"local","level":"INFO","consoleLevel":"INFO","disableConsoleAfterReady":false,"outputJSON":false,"buffer":true,"appLogName":"skeleton-server-web.log","coreLogName":"egg-web.log","agentLogName":"egg-agent.log","errorLogName":"common-error.log","coreLogger":{"consoleLevel":"WARN"},"allowDebugAtProd":false,"type":"application"}
2020-12-15 19:32:08,377 INFO 16272 [egg-multipart] stream mode enable
2020-12-15 19:32:08,485 INFO 16272 [egg-static] starting static serve /public/ -> /Users/iyb-caoyouzhi/Desktop/iyb-new-code/url2skeleton/server/init/app/public
2020-12-15 19:32:08,488 INFO 16272 [egg-security] use methodnoallow middleware
2020-12-15 19:32:08,488 INFO 16272 [egg-security] use noopen middleware
2020-12-15 19:32:08,489 INFO 16272 [egg-security] use nosniff middleware
2020-12-15 19:32:08,490 INFO 16272 [egg-security] use xssProtection middleware
2020-12-15 19:32:08,490 INFO 16272 [egg-security] use xframe middleware
2020-12-15 19:32:08,491 INFO 16272 [egg-security] use dta middleware
2020-12-15 19:32:08,491 INFO 16272 [egg-security] compose 6 middlewares into one security middleware
2020-12-15 19:32:09,094 INFO 16272 [egg:core] dump config after load, 13ms
2020-12-15 19:32:09,119 INFO 16272 [egg-watcher:application] watcher start success
2020-12-15 19:32:09,137 INFO 16272 [egg:core] dump config after ready, 15ms
2020-12-15 19:32:09,574 INFO 16272 [egg-view-nunjucks] loading templates from ["/Users/iyb-caoyouzhi/Desktop/iyb-new-code/url2skeleton/server/init/app/view"]
2020-12-15 19:32:10,712 INFO 16275 [egg:logger] init all loggers with options: {"dir":"/Users/iyb-caoyouzhi/Desktop/iyb-new-code/url2skeleton/server/init/logs/skeleton-server","encoding":"utf8","env":"local","level":"INFO","consoleLevel":"INFO","disableConsoleAfterReady":false,"outputJSON":false,"buffer":true,"appLogName":"skeleton-server-web.log","coreLogName":"egg-web.log","agentLogName":"egg-agent.log","errorLogName":"common-error.log","coreLogger":{"consoleLevel":"WARN"},"allowDebugAtProd":false,"type":"application"}
2020-12-15 19:32:10,747 INFO 16275 [egg-multipart] stream mode enable
2020-12-15 19:32:10,868 INFO 16275 [egg-static] starting static serve /public/ -> /Users/iyb-caoyouzhi/Desktop/iyb-new-code/url2skeleton/server/init/app/public
2020-12-15 19:32:10,870 INFO 16275 [egg-security] use methodnoallow middleware
2020-12-15 19:32:10,871 INFO 16275 [egg-security] use noopen middleware
2020-12-15 19:32:10,872 INFO 16275 [egg-security] use nosniff middleware
2020-12-15 19:32:10,873 INFO 16275 [egg-security] use xssProtection middleware
2020-12-15 19:32:10,874 INFO 16275 [egg-security] use xframe middleware
2020-12-15 19:32:10,875 INFO 16275 [egg-security] use dta middleware
2020-12-15 19:32:10,875 INFO 16275 [egg-security] compose 6 middlewares into one security middleware
2020-12-15 19:32:11,273 INFO 16275 [egg:core] dump config after load, 12ms
2020-12-15 19:32:11,303 INFO 16275 [egg-watcher:application] watcher start success
2020-12-15 19:32:11,327 INFO 16275 [egg:core] dump config after ready, 21ms
2020-12-15 19:32:12,734 INFO 16275 [egg-view-nunjucks] loading templates from ["/Users/iyb-caoyouzhi/Desktop/iyb-new-code/url2skeleton/server/init/app/view"]
2020-12-15 19:32:26,909 INFO 16292 [egg:logger] init all loggers with options: {"dir":"/Users/iyb-caoyouzhi/Desktop/iyb-new-code/url2skeleton/server/init/logs/skeleton-server","encoding":"utf8","env":"local","level":"INFO","consoleLevel":"INFO","disableConsoleAfterReady":false,"outputJSON":false,"buffer":true,"appLogName":"skeleton-server-web.log","coreLogName":"egg-web.log","agentLogName":"egg-agent.log","errorLogName":"common-error.log","coreLogger":{"consoleLevel":"WARN"},"allowDebugAtProd":false,"type":"application"}
2020-12-15 19:32:26,946 INFO 16292 [egg-multipart] stream mode enable
2020-12-15 19:32:27,100 INFO 16292 [egg-static] starting static serve /public/ -> /Users/iyb-caoyouzhi/Desktop/iyb-new-code/url2skeleton/server/init/app/public
2020-12-15 19:32:27,103 INFO 16292 [egg-security] use methodnoallow middleware
2020-12-15 19:32:27,104 INFO 16292 [egg-security] use noopen middleware
2020-12-15 19:32:27,105 INFO 16292 [egg-security] use nosniff middleware
2020-12-15 19:32:27,105 INFO 16292 [egg-security] use xssProtection middleware
2020-12-15 19:32:27,106 INFO 16292 [egg-security] use xframe middleware
2020-12-15 19:32:27,106 INFO 16292 [egg-security] use dta middleware
2020-12-15 19:32:27,106 INFO 16292 [egg-security] compose 6 middlewares into one security middleware
2020-12-15 19:32:27,502 INFO 16292 [egg:core] dump config after load, 6ms
2020-12-15 19:32:27,520 INFO 16292 [egg-watcher:application] watcher start success
2020-12-15 19:32:27,532 INFO 16292 [egg:core] dump config after ready, 10ms
2020-12-15 19:32:29,103 INFO 16292 [egg-view-nunjucks] loading templates from ["/Users/iyb-caoyouzhi/Desktop/iyb-new-code/url2skeleton/server/init/app/view"]
2020-12-15 19:33:32,082 INFO 16339 [egg:logger] init all loggers with options: {"dir":"/Users/iyb-caoyouzhi/Desktop/iyb-new-code/url2skeleton/server/init/logs/skeleton-server","encoding":"utf8","env":"local","level":"INFO","consoleLevel":"INFO","disableConsoleAfterReady":false,"outputJSON":false,"buffer":true,"appLogName":"skeleton-server-web.log","coreLogName":"egg-web.log","agentLogName":"egg-agent.log","errorLogName":"common-error.log","coreLogger":{"consoleLevel":"WARN"},"allowDebugAtProd":false,"type":"application"}
2020-12-15 19:33:32,115 INFO 16339 [egg-multipart] stream mode enable
2020-12-15 19:33:32,228 INFO 16339 [egg-static] starting static serve /public/ -> /Users/iyb-caoyouzhi/Desktop/iyb-new-code/url2skeleton/server/init/app/public
2020-12-15 19:33:32,231 INFO 16339 [egg-security] use methodnoallow middleware
2020-12-15 19:33:32,232 INFO 16339 [egg-security] use noopen middleware
2020-12-15 19:33:32,233 INFO 16339 [egg-security] use nosniff middleware
2020-12-15 19:33:32,234 INFO 16339 [egg-security] use xssProtection middleware
2020-12-15 19:33:32,234 INFO 16339 [egg-security] use xframe middleware
2020-12-15 19:33:32,235 INFO 16339 [egg-security] use dta middleware
2020-12-15 19:33:32,235 INFO 16339 [egg-security] compose 6 middlewares into one security middleware
2020-12-15 19:33:32,612 INFO 16339 [egg:core] dump config after load, 7ms
2020-12-15 19:33:32,635 INFO 16339 [egg-watcher:application] watcher start success
2020-12-15 19:33:32,648 INFO 16339 [egg:core] dump config after ready, 10ms
2020-12-15 19:33:36,398 INFO 16339 [egg-view-nunjucks] loading templates from ["/Users/iyb-caoyouzhi/Desktop/iyb-new-code/url2skeleton/server/init/app/view"]
2020-12-15 19:38:58,837 INFO 17341 [egg:logger] init all loggers with options: {"dir":"/Users/iyb-caoyouzhi/Desktop/iyb-new-code/url2skeleton/server/init/logs/skeleton-server","encoding":"utf8","env":"local","level":"INFO","consoleLevel":"INFO","disableConsoleAfterReady":false,"outputJSON":false,"buffer":true,"appLogName":"skeleton-server-web.log","coreLogName":"egg-web.log","agentLogName":"egg-agent.log","errorLogName":"common-error.log","coreLogger":{"consoleLevel":"WARN"},"allowDebugAtProd":false,"type":"application"}
2020-12-15 19:38:58,900 INFO 17341 [egg-multipart] stream mode enable
2020-12-15 19:38:59,135 INFO 17341 [egg-static] starting static serve /public/ -> /Users/iyb-caoyouzhi/Desktop/iyb-new-code/url2skeleton/server/init/app/public
2020-12-15 19:38:59,139 INFO 17341 [egg-security] use methodnoallow middleware
2020-12-15 19:38:59,139 INFO 17341 [egg-security] use noopen middleware
2020-12-15 19:38:59,141 INFO 17341 [egg-security] use nosniff middleware
2020-12-15 19:38:59,142 INFO 17341 [egg-security] use xssProtection middleware
2020-12-15 19:38:59,142 INFO 17341 [egg-security] use xframe middleware
2020-12-15 19:38:59,143 INFO 17341 [egg-security] use dta middleware
2020-12-15 19:38:59,143 INFO 17341 [egg-security] compose 6 middlewares into one security middleware
2020-12-15 19:39:00,027 INFO 17341 [egg:core] dump config after load, 10ms
2020-12-15 19:39:00,048 INFO 17341 [egg-watcher:application] watcher start success
2020-12-15 19:39:00,055 INFO 17341 [egg:core] dump config after ready, 5ms
2020-12-15 19:39:01,232 INFO 17341 [egg-view-nunjucks] loading templates from ["/Users/iyb-caoyouzhi/Desktop/iyb-new-code/url2skeleton/server/init/app/view"]
2020-12-15 19:43:57,864 INFO 18117 [egg:logger] init all loggers with options: {"dir":"/Users/iyb-caoyouzhi/Desktop/iyb-new-code/url2skeleton/server/init/logs/skeleton-server","encoding":"utf8","env":"local","level":"INFO","consoleLevel":"INFO","disableConsoleAfterReady":false,"outputJSON":false,"buffer":true,"appLogName":"skeleton-server-web.log","coreLogName":"egg-web.log","agentLogName":"egg-agent.log","errorLogName":"common-error.log","coreLogger":{"consoleLevel":"WARN"},"allowDebugAtProd":false,"type":"application"}
2020-12-15 19:43:57,898 INFO 18117 [egg-multipart] stream mode enable
2020-12-15 19:43:58,126 INFO 18117 [egg-static] starting static serve /public/ -> /Users/iyb-caoyouzhi/Desktop/iyb-new-code/url2skeleton/server/init/app/public
2020-12-15 19:43:58,130 INFO 18117 [egg-security] use methodnoallow middleware
2020-12-15 19:43:58,132 INFO 18117 [egg-security] use noopen middleware
2020-12-15 19:43:58,136 INFO 18117 [egg-security] use nosniff middleware
2020-12-15 19:43:58,138 INFO 18117 [egg-security] use xssProtection middleware
2020-12-15 19:43:58,139 INFO 18117 [egg-security] use xframe middleware
2020-12-15 19:43:58,141 INFO 18117 [egg-security] use dta middleware
2020-12-15 19:43:58,141 INFO 18117 [egg-security] compose 6 middlewares into one security middleware
2020-12-15 19:43:58,816 INFO 18117 [egg:core] dump config after load, 15ms
2020-12-15 19:43:58,834 INFO 18117 [egg-watcher:application] watcher start success
2020-12-15 19:43:58,841 INFO 18117 [egg:core] dump config after ready, 5ms
2020-12-15 19:44:10,777 INFO 18117 [egg-view-nunjucks] loading templates from ["/Users/iyb-caoyouzhi/Desktop/iyb-new-code/url2skeleton/server/init/app/view"]
2020-12-15 19:44:55,112 INFO 18352 [egg:logger] init all loggers with options: {"dir":"/Users/iyb-caoyouzhi/Desktop/iyb-new-code/url2skeleton/server/init/logs/skeleton-server","encoding":"utf8","env":"local","level":"INFO","consoleLevel":"INFO","disableConsoleAfterReady":false,"outputJSON":false,"buffer":true,"appLogName":"skeleton-server-web.log","coreLogName":"egg-web.log","agentLogName":"egg-agent.log","errorLogName":"common-error.log","coreLogger":{"consoleLevel":"WARN"},"allowDebugAtProd":false,"type":"application"}
2020-12-15 19:44:55,147 INFO 18352 [egg-multipart] stream mode enable
2020-12-15 19:44:55,366 INFO 18352 [egg-static] starting static serve /public/ -> /Users/iyb-caoyouzhi/Desktop/iyb-new-code/url2skeleton/server/init/app/public
2020-12-15 19:44:55,372 INFO 18352 [egg-security] use methodnoallow middleware
2020-12-15 19:44:55,373 INFO 18352 [egg-security] use noopen middleware
2020-12-15 19:44:55,376 INFO 18352 [egg-security] use nosniff middleware
2020-12-15 19:44:55,376 INFO 18352 [egg-security] use xssProtection middleware
2020-12-15 19:44:55,377 INFO 18352 [egg-security] use xframe middleware
2020-12-15 19:44:55,378 INFO 18352 [egg-security] use dta middleware
2020-12-15 19:44:55,378 INFO 18352 [egg-security] compose 6 middlewares into one security middleware
2020-12-15 19:44:55,970 INFO 18352 [egg:core] dump config after load, 8ms
2020-12-15 19:44:55,988 INFO 18352 [egg-watcher:application] watcher start success
2020-12-15 19:44:55,996 INFO 18352 [egg:core] dump config after ready, 5ms
2020-12-15 19:44:58,013 INFO 18388 [egg:logger] init all loggers with options: {"dir":"/Users/iyb-caoyouzhi/Desktop/iyb-new-code/url2skeleton/server/init/logs/skeleton-server","encoding":"utf8","env":"local","level":"INFO","consoleLevel":"INFO","disableConsoleAfterReady":false,"outputJSON":false,"buffer":true,"appLogName":"skeleton-server-web.log","coreLogName":"egg-web.log","agentLogName":"egg-agent.log","errorLogName":"common-error.log","coreLogger":{"consoleLevel":"WARN"},"allowDebugAtProd":false,"type":"application"}
2020-12-15 19:44:58,046 INFO 18388 [egg-multipart] stream mode enable
2020-12-15 19:44:58,164 INFO 18388 [egg-static] starting static serve /public/ -> /Users/iyb-caoyouzhi/Desktop/iyb-new-code/url2skeleton/server/init/app/public
2020-12-15 19:44:58,167 INFO 18388 [egg-security] use methodnoallow middleware
2020-12-15 19:44:58,168 INFO 18388 [egg-security] use noopen middleware
2020-12-15 19:44:58,170 INFO 18388 [egg-security] use nosniff middleware
2020-12-15 19:44:58,171 INFO 18388 [egg-security] use xssProtection middleware
2020-12-15 19:44:58,172 INFO 18388 [egg-security] use xframe middleware
2020-12-15 19:44:58,173 INFO 18388 [egg-security] use dta middleware
2020-12-15 19:44:58,173 INFO 18388 [egg-security] compose 6 middlewares into one security middleware
2020-12-15 19:44:58,547 INFO 18388 [egg:core] dump config after load, 7ms
2020-12-15 19:44:58,566 INFO 18388 [egg-watcher:application] watcher start success
2020-12-15 19:44:58,574 INFO 18388 [egg:core] dump config after ready, 5ms
2020-12-15 19:45:17,155 INFO 18456 [egg:logger] init all loggers with options: {"dir":"/Users/iyb-caoyouzhi/Desktop/iyb-new-code/url2skeleton/server/init/logs/skeleton-server","encoding":"utf8","env":"local","level":"INFO","consoleLevel":"INFO","disableConsoleAfterReady":false,"outputJSON":false,"buffer":true,"appLogName":"skeleton-server-web.log","coreLogName":"egg-web.log","agentLogName":"egg-agent.log","errorLogName":"common-error.log","coreLogger":{"consoleLevel":"WARN"},"allowDebugAtProd":false,"type":"application"}
2020-12-15 19:45:17,210 INFO 18456 [egg-multipart] stream mode enable
2020-12-15 19:45:17,504 INFO 18456 [egg-static] starting static serve /public/ -> /Users/iyb-caoyouzhi/Desktop/iyb-new-code/url2skeleton/server/init/app/public
2020-12-15 19:45:17,509 INFO 18456 [egg-security] use methodnoallow middleware
2020-12-15 19:45:17,511 INFO 18456 [egg-security] use noopen middleware
2020-12-15 19:45:17,514 INFO 18456 [egg-security] use nosniff middleware
2020-12-15 19:45:17,516 INFO 18456 [egg-security] use xssProtection middleware
2020-12-15 19:45:17,520 INFO 18456 [egg-security] use xframe middleware
2020-12-15 19:45:17,523 INFO 18456 [egg-security] use dta middleware
2020-12-15 19:45:17,523 INFO 18456 [egg-security] compose 6 middlewares into one security middleware
2020-12-15 19:45:18,262 INFO 18456 [egg:core] dump config after load, 9ms
2020-12-15 19:45:18,303 INFO 18456 [egg-watcher:application] watcher start success
2020-12-15 19:45:18,312 INFO 18456 [egg:core] dump config after ready, 6ms
2020-12-15 19:45:18,433 INFO 18458 [egg:logger] init all loggers with options: {"dir":"/Users/iyb-caoyouzhi/Desktop/iyb-new-code/url2skeleton/server/init/logs/skeleton-server","encoding":"utf8","env":"local","level":"INFO","consoleLevel":"INFO","disableConsoleAfterReady":false,"outputJSON":false,"buffer":true,"appLogName":"skeleton-server-web.log","coreLogName":"egg-web.log","agentLogName":"egg-agent.log","errorLogName":"common-error.log","coreLogger":{"consoleLevel":"WARN"},"allowDebugAtProd":false,"type":"application"}
2020-12-15 19:45:18,499 INFO 18458 [egg-multipart] stream mode enable
2020-12-15 19:45:18,808 INFO 18458 [egg-static] starting static serve /public/ -> /Users/iyb-caoyouzhi/Desktop/iyb-new-code/url2skeleton/server/init/app/public
2020-12-15 19:45:18,812 INFO 18458 [egg-security] use methodnoallow middleware
2020-12-15 19:45:18,813 INFO 18458 [egg-security] use noopen middleware
2020-12-15 19:45:18,815 INFO 18458 [egg-security] use nosniff middleware
2020-12-15 19:45:18,817 INFO 18458 [egg-security] use xssProtection middleware
2020-12-15 19:45:18,818 INFO 18458 [egg-security] use xframe middleware
2020-12-15 19:45:18,821 INFO 18458 [egg-security] use dta middleware
2020-12-15 19:45:18,821 INFO 18458 [egg-security] compose 6 middlewares into one security middleware
2020-12-15 19:45:19,290 INFO 18458 [egg:core] dump config after load, 8ms
2020-12-15 19:45:19,319 INFO 18458 [egg-watcher:application] watcher start success
2020-12-15 19:45:20,411 INFO 18476 [egg:logger] init all loggers with options: {"dir":"/Users/iyb-caoyouzhi/Desktop/iyb-new-code/url2skeleton/server/init/logs/skeleton-server","encoding":"utf8","env":"local","level":"INFO","consoleLevel":"INFO","disableConsoleAfterReady":false,"outputJSON":false,"buffer":true,"appLogName":"skeleton-server-web.log","coreLogName":"egg-web.log","agentLogName":"egg-agent.log","errorLogName":"common-error.log","coreLogger":{"consoleLevel":"WARN"},"allowDebugAtProd":false,"type":"application"}
2020-12-15 19:45:20,447 INFO 18476 [egg-multipart] stream mode enable
2020-12-15 19:45:20,585 INFO 18476 [egg-static] starting static serve /public/ -> /Users/iyb-caoyouzhi/Desktop/iyb-new-code/url2skeleton/server/init/app/public
2020-12-15 19:45:20,588 INFO 18476 [egg-security] use methodnoallow middleware
2020-12-15 19:45:20,589 INFO 18476 [egg-security] use noopen middleware
2020-12-15 19:45:20,590 INFO 18476 [egg-security] use nosniff middleware
2020-12-15 19:45:20,591 INFO 18476 [egg-security] use xssProtection middleware
2020-12-15 19:45:20,591 INFO 18476 [egg-security] use xframe middleware
2020-12-15 19:45:20,592 INFO 18476 [egg-security] use dta middleware
2020-12-15 19:45:20,592 INFO 18476 [egg-security] compose 6 middlewares into one security middleware
2020-12-15 19:45:20,990 INFO 18476 [egg:core] dump config after load, 7ms
2020-12-15 19:45:21,010 INFO 18476 [egg-watcher:application] watcher start success
2020-12-15 19:45:21,016 INFO 18476 [egg:core] dump config after ready, 5ms
2020-12-15 19:45:23,910 INFO 18491 [egg:logger] init all loggers with options: {"dir":"/Users/iyb-caoyouzhi/Desktop/iyb-new-code/url2skeleton/server/init/logs/skeleton-server","encoding":"utf8","env":"local","level":"INFO","consoleLevel":"INFO","disableConsoleAfterReady":false,"outputJSON":false,"buffer":true,"appLogName":"skeleton-server-web.log","coreLogName":"egg-web.log","agentLogName":"egg-agent.log","errorLogName":"common-error.log","coreLogger":{"consoleLevel":"WARN"},"allowDebugAtProd":false,"type":"application"}
2020-12-15 19:45:23,941 INFO 18491 [egg-multipart] stream mode enable
2020-12-15 19:45:24,065 INFO 18491 [egg-static] starting static serve /public/ -> /Users/iyb-caoyouzhi/Desktop/iyb-new-code/url2skeleton/server/init/app/public
2020-12-15 19:45:24,068 INFO 18491 [egg-security] use methodnoallow middleware
2020-12-15 19:45:24,068 INFO 18491 [egg-security] use noopen middleware
2020-12-15 19:45:24,070 INFO 18491 [egg-security] use nosniff middleware
2020-12-15 19:45:24,070 INFO 18491 [egg-security] use xssProtection middleware
2020-12-15 19:45:24,071 INFO 18491 [egg-security] use xframe middleware
2020-12-15 19:45:24,071 INFO 18491 [egg-security] use dta middleware
2020-12-15 19:45:24,072 INFO 18491 [egg-security] compose 6 middlewares into one security middleware
2020-12-15 19:45:24,514 INFO 18491 [egg:core] dump config after load, 8ms
2020-12-15 19:45:24,534 INFO 18491 [egg-watcher:application] watcher start success
2020-12-15 19:45:24,544 INFO 18491 [egg:core] dump config after ready, 7ms
2020-12-15 19:45:26,395 INFO 18495 [egg:logger] init all loggers with options: {"dir":"/Users/iyb-caoyouzhi/Desktop/iyb-new-code/url2skeleton/server/init/logs/skeleton-server","encoding":"utf8","env":"local","level":"INFO","consoleLevel":"INFO","disableConsoleAfterReady":false,"outputJSON":false,"buffer":true,"appLogName":"skeleton-server-web.log","coreLogName":"egg-web.log","agentLogName":"egg-agent.log","errorLogName":"common-error.log","coreLogger":{"consoleLevel":"WARN"},"allowDebugAtProd":false,"type":"application"}
2020-12-15 19:45:26,432 INFO 18495 [egg-multipart] stream mode enable
2020-12-15 19:45:26,552 INFO 18495 [egg-static] starting static serve /public/ -> /Users/iyb-caoyouzhi/Desktop/iyb-new-code/url2skeleton/server/init/app/public
2020-12-15 19:45:26,557 INFO 18495 [egg-security] use methodnoallow middleware
2020-12-15 19:45:26,558 INFO 18495 [egg-security] use noopen middleware
2020-12-15 19:45:26,559 INFO 18495 [egg-security] use nosniff middleware
2020-12-15 19:45:26,560 INFO 18495 [egg-security] use xssProtection middleware
2020-12-15 19:45:26,560 INFO 18495 [egg-security] use xframe middleware
2020-12-15 19:45:26,561 INFO 18495 [egg-security] use dta middleware
2020-12-15 19:45:26,561 INFO 18495 [egg-security] compose 6 middlewares into one security middleware
2020-12-15 19:45:27,090 INFO 18495 [egg:core] dump config after load, 19ms
2020-12-15 19:45:27,114 INFO 18495 [egg-watcher:application] watcher start success
2020-12-15 19:45:27,126 INFO 18495 [egg:core] dump config after ready, 10ms
2020-12-15 19:45:29,313 INFO 18508 [egg:logger] init all loggers with options: {"dir":"/Users/iyb-caoyouzhi/Desktop/iyb-new-code/url2skeleton/server/init/logs/skeleton-server","encoding":"utf8","env":"local","level":"INFO","consoleLevel":"INFO","disableConsoleAfterReady":false,"outputJSON":false,"buffer":true,"appLogName":"skeleton-server-web.log","coreLogName":"egg-web.log","agentLogName":"egg-agent.log","errorLogName":"common-error.log","coreLogger":{"consoleLevel":"WARN"},"allowDebugAtProd":false,"type":"application"}
2020-12-15 19:45:29,347 INFO 18508 [egg-multipart] stream mode enable
2020-12-15 19:45:29,469 INFO 18508 [egg-static] starting static serve /public/ -> /Users/iyb-caoyouzhi/Desktop/iyb-new-code/url2skeleton/server/init/app/public
2020-12-15 19:45:29,474 INFO 18508 [egg-security] use methodnoallow middleware
2020-12-15 19:45:29,475 INFO 18508 [egg-security] use noopen middleware
2020-12-15 19:45:29,477 INFO 18508 [egg-security] use nosniff middleware
2020-12-15 19:45:29,478 INFO 18508 [egg-security] use xssProtection middleware
2020-12-15 19:45:29,479 INFO 18508 [egg-security] use xframe middleware
2020-12-15 19:45:29,480 INFO 18508 [egg-security] use dta middleware
2020-12-15 19:45:29,480 INFO 18508 [egg-security] compose 6 middlewares into one security middleware
2020-12-15 19:45:29,984 INFO 18508 [egg:core] dump config after load, 10ms
2020-12-15 19:45:29,998 INFO 18508 [egg-watcher:application] watcher start success
2020-12-15 19:45:30,010 INFO 18508 [egg:core] dump config after ready, 10ms
2020-12-15 19:45:31,478 INFO 18515 [egg:logger] init all loggers with options: {"dir":"/Users/iyb-caoyouzhi/Desktop/iyb-new-code/url2skeleton/server/init/logs/skeleton-server","encoding":"utf8","env":"local","level":"INFO","consoleLevel":"INFO","disableConsoleAfterReady":false,"outputJSON":false,"buffer":true,"appLogName":"skeleton-server-web.log","coreLogName":"egg-web.log","agentLogName":"egg-agent.log","errorLogName":"common-error.log","coreLogger":{"consoleLevel":"WARN"},"allowDebugAtProd":false,"type":"application"}
2020-12-15 19:45:31,512 INFO 18515 [egg-multipart] stream mode enable
2020-12-15 19:45:31,630 INFO 18515 [egg-static] starting static serve /public/ -> /Users/iyb-caoyouzhi/Desktop/iyb-new-code/url2skeleton/server/init/app/public
2020-12-15 19:45:31,633 INFO 18515 [egg-security] use methodnoallow middleware
2020-12-15 19:45:31,634 INFO 18515 [egg-security] use noopen middleware
2020-12-15 19:45:31,635 INFO 18515 [egg-security] use nosniff middleware
2020-12-15 19:45:31,636 INFO 18515 [egg-security] use xssProtection middleware
2020-12-15 19:45:31,636 INFO 18515 [egg-security] use xframe middleware
2020-12-15 19:45:31,637 INFO 18515 [egg-security] use dta middleware
2020-12-15 19:45:31,637 INFO 18515 [egg-security] compose 6 middlewares into one security middleware
2020-12-15 19:45:31,992 INFO 18515 [egg:core] dump config after load, 5ms
2020-12-15 19:45:32,007 INFO 18515 [egg-watcher:application] watcher start success
2020-12-15 19:45:32,022 INFO 18515 [egg:core] dump config after ready, 8ms
2020-12-15 19:45:42,485 INFO 18515 [egg-view-nunjucks] loading templates from ["/Users/iyb-caoyouzhi/Desktop/iyb-new-code/url2skeleton/server/init/app/view"]
2020-12-17 11:18:06,905 INFO 48312 [egg:logger] init all loggers with options: {"dir":"/Users/iyb-caoyouzhi/Desktop/iyb-new-code/url2skeleton/server/init/logs/skeleton-server","encoding":"utf8","env":"local","level":"INFO","consoleLevel":"INFO","disableConsoleAfterReady":false,"outputJSON":false,"buffer":true,"appLogName":"skeleton-server-web.log","coreLogName":"egg-web.log","agentLogName":"egg-agent.log","errorLogName":"common-error.log","coreLogger":{"consoleLevel":"WARN"},"allowDebugAtProd":false,"type":"application"}
2020-12-17 11:18:06,949 INFO 48312 [egg-multipart] stream mode enable
2020-12-17 11:18:07,402 INFO 48312 [egg-static] starting static serve /public/ -> /Users/iyb-caoyouzhi/Desktop/iyb-new-code/url2skeleton/server/init/app/public
2020-12-17 11:18:07,410 INFO 48312 [egg-security] use methodnoallow middleware
2020-12-17 11:18:07,412 INFO 48312 [egg-security] use noopen middleware
2020-12-17 11:18:07,417 INFO 48312 [egg-security] use nosniff middleware
2020-12-17 11:18:07,419 INFO 48312 [egg-security] use xssProtection middleware
2020-12-17 11:18:07,422 INFO 48312 [egg-security] use xframe middleware
2020-12-17 11:18:07,424 INFO 48312 [egg-security] use dta middleware
2020-12-17 11:18:07,424 INFO 48312 [egg-security] compose 6 middlewares into one security middleware
2020-12-17 11:18:08,922 INFO 48312 [egg:core] dump config after load, 11ms
2020-12-17 11:18:08,946 INFO 48312 [egg-watcher:application] watcher start success
2020-12-17 11:18:08,958 INFO 48312 [egg:core] dump config after ready, 9ms
2020-12-17 11:18:14,587 INFO 48312 [egg-view-nunjucks] loading templates from ["/Users/iyb-caoyouzhi/Desktop/iyb-new-code/url2skeleton/server/init/app/view"]
2020-12-17 11:23:55,970 INFO 48702 [egg:logger] init all loggers with options: {"dir":"/Users/iyb-caoyouzhi/Desktop/iyb-new-code/url2skeleton/server/logs/skeleton-server","encoding":"utf8","env":"local","level":"INFO","consoleLevel":"INFO","disableConsoleAfterReady":false,"outputJSON":false,"buffer":true,"appLogName":"skeleton-server-web.log","coreLogName":"egg-web.log","agentLogName":"egg-agent.log","errorLogName":"common-error.log","coreLogger":{"consoleLevel":"WARN"},"allowDebugAtProd":false,"type":"application"}
2020-12-17 11:23:56,009 INFO 48702 [egg-multipart] stream mode enable
2020-12-17 11:23:56,420 INFO 48702 [egg-static] starting static serve /public/ -> /Users/iyb-caoyouzhi/Desktop/iyb-new-code/url2skeleton/server/app/public
2020-12-17 11:23:56,425 INFO 48702 [egg-security] use methodnoallow middleware
2020-12-17 11:23:56,426 INFO 48702 [egg-security] use noopen middleware
2020-12-17 11:23:56,428 INFO 48702 [egg-security] use nosniff middleware
2020-12-17 11:23:56,429 INFO 48702 [egg-security] use xssProtection middleware
2020-12-17 11:23:56,431 INFO 48702 [egg-security] use xframe middleware
2020-12-17 11:23:56,433 INFO 48702 [egg-security] use dta middleware
2020-12-17 11:23:56,433 INFO 48702 [egg-security] compose 6 middlewares into one security middleware
2020-12-17 11:23:57,609 INFO 48702 [egg:core] dump config after load, 10ms
2020-12-17 11:23:57,635 INFO 48702 [egg-watcher:application] watcher start success
2020-12-17 11:23:57,647 INFO 48702 [egg:core] dump config after ready, 8ms
